# JRE version: OpenJDK Runtime Environment Temurin-21.0.7+6 (21.0.7+6) (build 21.0.7+6-LTS)
# Java VM: OpenJDK 64-Bit Server VM Temurin-21.0.7+6 (21.0.7+6-LTS, mixed mode, sharing, tiered, compressed oops, compressed class ptrs, parallel gc, windows-amd64)
GC Precious Log:
 CardTable entry size: 512
 CPUs: 12 total, 12 available
 Memory: 7896M
 Large Page Support: Disabled
 NUMA Support: Disabled
 Compressed Oops: Enabled (32-bit)
 Alignments: Space 512K, Generation 512K, Heap 2M
 Heap Min Capacity: 100M
 Heap Initial Capacity: 100M
 Heap Max Capacity: 1G
 Pre-touch: Disabled
 Parallel Workers: 10
Heap:
 PSYoungGen      total 4096K, used 2153K [0x00000000eab00000, 0x00000000eb080000, 0x0000000100000000)
  eden space 2048K, 92% used [0x00000000eab00000,0x00000000eacda468,0x00000000ead00000)
  from space 2048K, 12% used [0x00000000ead80000,0x00000000eadc0000,0x00000000eaf80000)
  to   space 1024K, 0% used [0x00000000eaf80000,0x00000000eaf80000,0x00000000eb080000)
 ParOldGen       total 484864K, used 484569K [0x00000000c0000000, 0x00000000dd980000, 0x00000000eab00000)
  object space 484864K, 99% used [0x00000000c0000000,0x00000000dd936420,0x00000000dd980000)
 Metaspace       used 79545K, committed 81152K, reserved 1179648K
  class space    used 9908K, committed 10560K, reserved 1048576K
GC Heap History (20 events):
Event: 150.122 GC heap before
{Heap before GC invocations=829 (full 3):
 PSYoungGen      total 2560K, used 2367K [0x00000000eab00000, 0x00000000eaf00000, 0x0000000100000000)
  eden space 2048K, 99% used [0x00000000eab00000,0x00000000eacfffc0,0x00000000ead00000)
  from space 512K, 62% used [0x00000000eae00000,0x00000000eae50000,0x00000000eae80000)
  to   space 512K, 0% used [0x00000000eae80000,0x00000000eae80000,0x00000000eaf00000)
 ParOldGen       total 480256K, used 479945K [0x00000000c0000000, 0x00000000dd500000, 0x00000000eab00000)
  object space 480256K, 99% used [0x00000000c0000000,0x00000000dd4b2508,0x00000000dd500000)
 Metaspace       used 78525K, committed 80064K, reserved 1179648K
  class space    used 9786K, committed 10432K, reserved 1048576K
}
Event: 150.137 GC heap after
{Heap after GC invocations=829 (full 3):
 PSYoungGen      total 2560K, used 448K [0x00000000eab00000, 0x00000000eaf00000, 0x0000000100000000)
  eden space 2048K, 0% used [0x00000000eab00000,0x00000000eab00000,0x00000000ead00000)
  from space 512K, 87% used [0x00000000eae80000,0x00000000eaef0000,0x00000000eaf00000)
  to   space 512K, 0% used [0x00000000eae00000,0x00000000eae00000,0x00000000eae80000)
 ParOldGen       total 480256K, used 480097K [0x00000000c0000000, 0x00000000dd500000, 0x00000000eab00000)
  object space 480256K, 99% used [0x00000000c0000000,0x00000000dd4d8518,0x00000000dd500000)
 Metaspace       used 78525K, committed 80064K, reserved 1179648K
  class space    used 9786K, committed 10432K, reserved 1048576K
}
Event: 151.045 GC heap before
{Heap before GC invocations=830 (full 3):
 PSYoungGen      total 2560K, used 2495K [0x00000000eab00000, 0x00000000eaf00000, 0x0000000100000000)
  eden space 2048K, 99% used [0x00000000eab00000,0x00000000eacffff0,0x00000000ead00000)
  from space 512K, 87% used [0x00000000eae80000,0x00000000eaef0000,0x00000000eaf00000)
  to   space 512K, 0% used [0x00000000eae00000,0x00000000eae00000,0x00000000eae80000)
 ParOldGen       total 480256K, used 480097K [0x00000000c0000000, 0x00000000dd500000, 0x00000000eab00000)
  object space 480256K, 99% used [0x00000000c0000000,0x00000000dd4d8518,0x00000000dd500000)
 Metaspace       used 78765K, committed 80320K, reserved 1179648K
  class space    used 9811K, committed 10496K, reserved 1048576K
}
Event: 151.049 GC heap after
{Heap after GC invocations=830 (full 3):
 PSYoungGen      total 2560K, used 384K [0x00000000eab00000, 0x00000000eaf00000, 0x0000000100000000)
  eden space 2048K, 0% used [0x00000000eab00000,0x00000000eab00000,0x00000000ead00000)
  from space 512K, 75% used [0x00000000eae00000,0x00000000eae60000,0x00000000eae80000)
  to   space 512K, 0% used [0x00000000eae80000,0x00000000eae80000,0x00000000eaf00000)
 ParOldGen       total 480768K, used 480285K [0x00000000c0000000, 0x00000000dd580000, 0x00000000eab00000)
  object space 480768K, 99% used [0x00000000c0000000,0x00000000dd5077e0,0x00000000dd580000)
 Metaspace       used 78765K, committed 80320K, reserved 1179648K
  class space    used 9811K, committed 10496K, reserved 1048576K
}
Event: 151.414 GC heap before
{Heap before GC invocations=831 (full 3):
 PSYoungGen      total 2560K, used 2432K [0x00000000eab00000, 0x00000000eaf00000, 0x0000000100000000)
  eden space 2048K, 100% used [0x00000000eab00000,0x00000000ead00000,0x00000000ead00000)
  from space 512K, 75% used [0x00000000eae00000,0x00000000eae60000,0x00000000eae80000)
  to   space 512K, 0% used [0x00000000eae80000,0x00000000eae80000,0x00000000eaf00000)
 ParOldGen       total 480768K, used 480285K [0x00000000c0000000, 0x00000000dd580000, 0x00000000eab00000)
  object space 480768K, 99% used [0x00000000c0000000,0x00000000dd5077e0,0x00000000dd580000)
 Metaspace       used 78931K, committed 80512K, reserved 1179648K
  class space    used 9833K, committed 10496K, reserved 1048576K
}
Event: 151.418 GC heap after
{Heap after GC invocations=831 (full 3):
 PSYoungGen      total 2560K, used 384K [0x00000000eab00000, 0x00000000eaf00000, 0x0000000100000000)
  eden space 2048K, 0% used [0x00000000eab00000,0x00000000eab00000,0x00000000ead00000)
  from space 512K, 75% used [0x00000000eae80000,0x00000000eaee0000,0x00000000eaf00000)
  to   space 512K, 0% used [0x00000000eae00000,0x00000000eae00000,0x00000000eae80000)
 ParOldGen       total 480768K, used 480423K [0x00000000c0000000, 0x00000000dd580000, 0x00000000eab00000)
  object space 480768K, 99% used [0x00000000c0000000,0x00000000dd529f08,0x00000000dd580000)
 Metaspace       used 78931K, committed 80512K, reserved 1179648K
  class space    used 9833K, committed 10496K, reserved 1048576K
}
Event: 151.827 GC heap before
{Heap before GC invocations=832 (full 3):
 PSYoungGen      total 2560K, used 2432K [0x00000000eab00000, 0x00000000eaf00000, 0x0000000100000000)
  eden space 2048K, 100% used [0x00000000eab00000,0x00000000ead00000,0x00000000ead00000)
  from space 512K, 75% used [0x00000000eae80000,0x00000000eaee0000,0x00000000eaf00000)
  to   space 512K, 0% used [0x00000000eae00000,0x00000000eae00000,0x00000000eae80000)
 ParOldGen       total 480768K, used 480423K [0x00000000c0000000, 0x00000000dd580000, 0x00000000eab00000)
  object space 480768K, 99% used [0x00000000c0000000,0x00000000dd529f08,0x00000000dd580000)
 Metaspace       used 79006K, committed 80576K, reserved 1179648K
  class space    used 9842K, committed 10496K, reserved 1048576K
}
Event: 151.829 GC heap after
{Heap after GC invocations=832 (full 3):
 PSYoungGen      total 2560K, used 288K [0x00000000eab00000, 0x00000000eaf00000, 0x0000000100000000)
  eden space 2048K, 0% used [0x00000000eab00000,0x00000000eab00000,0x00000000ead00000)
  from space 512K, 56% used [0x00000000eae00000,0x00000000eae48000,0x00000000eae80000)
  to   space 512K, 0% used [0x00000000eae80000,0x00000000eae80000,0x00000000eaf00000)
 ParOldGen       total 480768K, used 480519K [0x00000000c0000000, 0x00000000dd580000, 0x00000000eab00000)
  object space 480768K, 99% used [0x00000000c0000000,0x00000000dd541f08,0x00000000dd580000)
 Metaspace       used 79006K, committed 80576K, reserved 1179648K
  class space    used 9842K, committed 10496K, reserved 1048576K
}
Event: 152.873 GC heap before
{Heap before GC invocations=833 (full 3):
 PSYoungGen      total 2560K, used 2335K [0x00000000eab00000, 0x00000000eaf00000, 0x0000000100000000)
  eden space 2048K, 99% used [0x00000000eab00000,0x00000000eacffe58,0x00000000ead00000)
  from space 512K, 56% used [0x00000000eae00000,0x00000000eae48000,0x00000000eae80000)
  to   space 512K, 0% used [0x00000000eae80000,0x00000000eae80000,0x00000000eaf00000)
 ParOldGen       total 480768K, used 480519K [0x00000000c0000000, 0x00000000dd580000, 0x00000000eab00000)
  object space 480768K, 99% used [0x00000000c0000000,0x00000000dd541f08,0x00000000dd580000)
 Metaspace       used 79096K, committed 80640K, reserved 1179648K
  class space    used 9850K, committed 10496K, reserved 1048576K
}
Event: 152.882 GC heap after
{Heap after GC invocations=833 (full 3):
 PSYoungGen      total 2560K, used 352K [0x00000000eab00000, 0x00000000eaf00000, 0x0000000100000000)
  eden space 2048K, 0% used [0x00000000eab00000,0x00000000eab00000,0x00000000ead00000)
  from space 512K, 68% used [0x00000000eae80000,0x00000000eaed8000,0x00000000eaf00000)
  to   space 512K, 0% used [0x00000000eae00000,0x00000000eae00000,0x00000000eae80000)
 ParOldGen       total 480768K, used 480623K [0x00000000c0000000, 0x00000000dd580000, 0x00000000eab00000)
  object space 480768K, 99% used [0x00000000c0000000,0x00000000dd55bf18,0x00000000dd580000)
 Metaspace       used 79096K, committed 80640K, reserved 1179648K
  class space    used 9850K, committed 10496K, reserved 1048576K
}
Event: 153.535 GC heap before
{Heap before GC invocations=834 (full 3):
 PSYoungGen      total 2560K, used 2400K [0x00000000eab00000, 0x00000000eaf00000, 0x0000000100000000)
  eden space 2048K, 100% used [0x00000000eab00000,0x00000000ead00000,0x00000000ead00000)
  from space 512K, 68% used [0x00000000eae80000,0x00000000eaed8000,0x00000000eaf00000)
  to   space 512K, 0% used [0x00000000eae00000,0x00000000eae00000,0x00000000eae80000)
 ParOldGen       total 480768K, used 480623K [0x00000000c0000000, 0x00000000dd580000, 0x00000000eab00000)
  object space 480768K, 99% used [0x00000000c0000000,0x00000000dd55bf18,0x00000000dd580000)
 Metaspace       used 79141K, committed 80704K, reserved 1179648K
  class space    used 9853K, committed 10496K, reserved 1048576K
}
Event: 153.542 GC heap after
{Heap after GC invocations=834 (full 3):
 PSYoungGen      total 2560K, used 288K [0x00000000eab00000, 0x00000000eaf00000, 0x0000000100000000)
  eden space 2048K, 0% used [0x00000000eab00000,0x00000000eab00000,0x00000000ead00000)
  from space 512K, 56% used [0x00000000eae00000,0x00000000eae48000,0x00000000eae80000)
  to   space 512K, 0% used [0x00000000eae80000,0x00000000eae80000,0x00000000eaf00000)
 ParOldGen       total 481280K, used 480774K [0x00000000c0000000, 0x00000000dd600000, 0x00000000eab00000)
  object space 481280K, 99% used [0x00000000c0000000,0x00000000dd581898,0x00000000dd600000)
 Metaspace       used 79141K, committed 80704K, reserved 1179648K
  class space    used 9853K, committed 10496K, reserved 1048576K
}
Event: 154.257 GC heap before
{Heap before GC invocations=835 (full 3):
 PSYoungGen      total 2560K, used 2335K [0x00000000eab00000, 0x00000000eaf00000, 0x0000000100000000)
  eden space 2048K, 99% used [0x00000000eab00000,0x00000000eacfff50,0x00000000ead00000)
  from space 512K, 56% used [0x00000000eae00000,0x00000000eae48000,0x00000000eae80000)
  to   space 512K, 0% used [0x00000000eae80000,0x00000000eae80000,0x00000000eaf00000)
 ParOldGen       total 481280K, used 480774K [0x00000000c0000000, 0x00000000dd600000, 0x00000000eab00000)
  object space 481280K, 99% used [0x00000000c0000000,0x00000000dd581898,0x00000000dd600000)
 Metaspace       used 79175K, committed 80704K, reserved 1179648K
  class space    used 9861K, committed 10496K, reserved 1048576K
}
Event: 154.271 GC heap after
{Heap after GC invocations=835 (full 3):
 PSYoungGen      total 2560K, used 511K [0x00000000eab00000, 0x00000000eaf00000, 0x0000000100000000)
  eden space 2048K, 0% used [0x00000000eab00000,0x00000000eab00000,0x00000000ead00000)
  from space 512K, 99% used [0x00000000eae80000,0x00000000eaeffcb0,0x00000000eaf00000)
  to   space 1024K, 0% used [0x00000000ead00000,0x00000000ead00000,0x00000000eae00000)
 ParOldGen       total 481280K, used 481085K [0x00000000c0000000, 0x00000000dd600000, 0x00000000eab00000)
  object space 481280K, 99% used [0x00000000c0000000,0x00000000dd5cf548,0x00000000dd600000)
 Metaspace       used 79175K, committed 80704K, reserved 1179648K
  class space    used 9861K, committed 10496K, reserved 1048576K
}
Event: 154.352 GC heap before
{Heap before GC invocations=836 (full 3):
 PSYoungGen      total 2560K, used 2559K [0x00000000eab00000, 0x00000000eaf00000, 0x0000000100000000)
  eden space 2048K, 99% used [0x00000000eab00000,0x00000000eacfffe0,0x00000000ead00000)
  from space 512K, 99% used [0x00000000eae80000,0x00000000eaeffcb0,0x00000000eaf00000)
  to   space 1024K, 0% used [0x00000000ead00000,0x00000000ead00000,0x00000000eae00000)
 ParOldGen       total 481280K, used 481085K [0x00000000c0000000, 0x00000000dd600000, 0x00000000eab00000)
  object space 481280K, 99% used [0x00000000c0000000,0x00000000dd5cf548,0x00000000dd600000)
 Metaspace       used 79181K, committed 80704K, reserved 1179648K
  class space    used 9862K, committed 10496K, reserved 1048576K
}
Event: 154.356 GC heap after
{Heap after GC invocations=836 (full 3):
 PSYoungGen      total 3072K, used 1024K [0x00000000eab00000, 0x00000000eb300000, 0x0000000100000000)
  eden space 2048K, 0% used [0x00000000eab00000,0x00000000eab00000,0x00000000ead00000)
  from space 1024K, 100% used [0x00000000ead00000,0x00000000eae00000,0x00000000eae00000)
  to   space 3072K, 0% used [0x00000000eb000000,0x00000000eb000000,0x00000000eb300000)
 ParOldGen       total 482816K, used 482372K [0x00000000c0000000, 0x00000000dd780000, 0x00000000eab00000)
  object space 482816K, 99% used [0x00000000c0000000,0x00000000dd711238,0x00000000dd780000)
 Metaspace       used 79181K, committed 80704K, reserved 1179648K
  class space    used 9862K, committed 10496K, reserved 1048576K
}
Event: 155.363 GC heap before
{Heap before GC invocations=837 (full 3):
 PSYoungGen      total 3072K, used 3072K [0x00000000eab00000, 0x00000000eb300000, 0x0000000100000000)
  eden space 2048K, 100% used [0x00000000eab00000,0x00000000ead00000,0x00000000ead00000)
  from space 1024K, 100% used [0x00000000ead00000,0x00000000eae00000,0x00000000eae00000)
  to   space 3072K, 0% used [0x00000000eb000000,0x00000000eb000000,0x00000000eb300000)
 ParOldGen       total 482816K, used 482372K [0x00000000c0000000, 0x00000000dd780000, 0x00000000eab00000)
  object space 482816K, 99% used [0x00000000c0000000,0x00000000dd711238,0x00000000dd780000)
 Metaspace       used 79279K, committed 80832K, reserved 1179648K
  class space    used 9871K, committed 10496K, reserved 1048576K
}
Event: 155.374 GC heap after
{Heap after GC invocations=837 (full 3):
 PSYoungGen      total 3584K, used 1398K [0x00000000eab00000, 0x00000000eb180000, 0x0000000100000000)
  eden space 2048K, 0% used [0x00000000eab00000,0x00000000eab00000,0x00000000ead00000)
  from space 1536K, 91% used [0x00000000eb000000,0x00000000eb15da30,0x00000000eb180000)
  to   space 2048K, 0% used [0x00000000ead80000,0x00000000ead80000,0x00000000eaf80000)
 ParOldGen       total 483840K, used 483372K [0x00000000c0000000, 0x00000000dd880000, 0x00000000eab00000)
  object space 483840K, 99% used [0x00000000c0000000,0x00000000dd80b238,0x00000000dd880000)
 Metaspace       used 79279K, committed 80832K, reserved 1179648K
  class space    used 9871K, committed 10496K, reserved 1048576K
}
Event: 156.034 GC heap before
{Heap before GC invocations=838 (full 3):
 PSYoungGen      total 3584K, used 3446K [0x00000000eab00000, 0x00000000eb180000, 0x0000000100000000)
  eden space 2048K, 99% used [0x00000000eab00000,0x00000000eacfffb8,0x00000000ead00000)
  from space 1536K, 91% used [0x00000000eb000000,0x00000000eb15da30,0x00000000eb180000)
  to   space 2048K, 0% used [0x00000000ead80000,0x00000000ead80000,0x00000000eaf80000)
 ParOldGen       total 483840K, used 483372K [0x00000000c0000000, 0x00000000dd880000, 0x00000000eab00000)
  object space 483840K, 99% used [0x00000000c0000000,0x00000000dd80b238,0x00000000dd880000)
 Metaspace       used 79429K, committed 81024K, reserved 1179648K
  class space    used 9887K, committed 10560K, reserved 1048576K
}
Event: 156.040 GC heap after
{Heap after GC invocations=838 (full 3):
 PSYoungGen      total 4096K, used 256K [0x00000000eab00000, 0x00000000eb080000, 0x0000000100000000)
  eden space 2048K, 0% used [0x00000000eab00000,0x00000000eab00000,0x00000000ead00000)
  from space 2048K, 12% used [0x00000000ead80000,0x00000000eadc0000,0x00000000eaf80000)
  to   space 1024K, 0% used [0x00000000eaf80000,0x00000000eaf80000,0x00000000eb080000)
 ParOldGen       total 484864K, used 484569K [0x00000000c0000000, 0x00000000dd980000, 0x00000000eab00000)
  object space 484864K, 99% used [0x00000000c0000000,0x00000000dd936420,0x00000000dd980000)
 Metaspace       used 79429K, committed 81024K, reserved 1179648K
  class space    used 9887K, committed 10560K, reserved 1048576K
}

