# JRE version: OpenJDK Runtime Environment Temurin-21.0.7+6 (21.0.7+6) (build 21.0.7+6-LTS)
# Java VM: OpenJDK 64-Bit Server VM Temurin-21.0.7+6 (21.0.7+6-LTS, mixed mode, sharing, tiered, compressed oops, compressed class ptrs, parallel gc, windows-amd64)
GC Precious Log:
 CardTable entry size: 512
 CPUs: 12 total, 12 available
 Memory: 7896M
 Large Page Support: Disabled
 NUMA Support: Disabled
 Compressed Oops: Enabled (32-bit)
 Alignments: Space 512K, Generation 512K, Heap 2M
 Heap Min Capacity: 100M
 Heap Initial Capacity: 100M
 Heap Max Capacity: 1G
 Pre-touch: Disabled
 Parallel Workers: 10
Heap:
 PSYoungGen      total 2048K, used 1262K [0x00000000eab00000, 0x00000000eaf80000, 0x0000000100000000)
  eden space 1536K, 65% used [0x00000000eab00000,0x00000000eabfb978,0x00000000eac80000)
  from space 512K, 50% used [0x00000000eae80000,0x00000000eaec0000,0x00000000eaf00000)
  to   space 512K, 0% used [0x00000000eaf00000,0x00000000eaf00000,0x00000000eaf80000)
 ParOldGen       total 454656K, used 454602K [0x00000000c0000000, 0x00000000dbc00000, 0x00000000eab00000)
  object space 454656K, 99% used [0x00000000c0000000,0x00000000dbbf2ad8,0x00000000dbc00000)
 Metaspace       used 72867K, committed 74432K, reserved 1114112K
  class space    used 9201K, committed 9920K, reserved 1048576K
GC Heap History (20 events):
Event: 23.638 GC heap before
{Heap before GC invocations=543 (full 3):
 PSYoungGen      total 2048K, used 1792K [0x00000000eab00000, 0x00000000eaf80000, 0x0000000100000000)
  eden space 1536K, 100% used [0x00000000eab00000,0x00000000eac80000,0x00000000eac80000)
  from space 512K, 50% used [0x00000000eae80000,0x00000000eaec0000,0x00000000eaf00000)
  to   space 512K, 0% used [0x00000000eaf00000,0x00000000eaf00000,0x00000000eaf80000)
 ParOldGen       total 454144K, used 453882K [0x00000000c0000000, 0x00000000dbb80000, 0x00000000eab00000)
  object space 454144K, 99% used [0x00000000c0000000,0x00000000dbb3eac8,0x00000000dbb80000)
 Metaspace       used 72069K, committed 73664K, reserved 1114112K
  class space    used 9066K, committed 9792K, reserved 1048576K
}
Event: 23.639 GC heap after
{Heap after GC invocations=543 (full 3):
 PSYoungGen      total 2048K, used 288K [0x00000000eab00000, 0x00000000eaf80000, 0x0000000100000000)
  eden space 1536K, 0% used [0x00000000eab00000,0x00000000eab00000,0x00000000eac80000)
  from space 512K, 56% used [0x00000000eaf00000,0x00000000eaf48000,0x00000000eaf80000)
  to   space 512K, 0% used [0x00000000eae80000,0x00000000eae80000,0x00000000eaf00000)
 ParOldGen       total 454144K, used 453954K [0x00000000c0000000, 0x00000000dbb80000, 0x00000000eab00000)
  object space 454144K, 99% used [0x00000000c0000000,0x00000000dbb50ac8,0x00000000dbb80000)
 Metaspace       used 72069K, committed 73664K, reserved 1114112K
  class space    used 9066K, committed 9792K, reserved 1048576K
}
Event: 23.656 GC heap before
{Heap before GC invocations=544 (full 3):
 PSYoungGen      total 2048K, used 1824K [0x00000000eab00000, 0x00000000eaf80000, 0x0000000100000000)
  eden space 1536K, 100% used [0x00000000eab00000,0x00000000eac80000,0x00000000eac80000)
  from space 512K, 56% used [0x00000000eaf00000,0x00000000eaf48000,0x00000000eaf80000)
  to   space 512K, 0% used [0x00000000eae80000,0x00000000eae80000,0x00000000eaf00000)
 ParOldGen       total 454144K, used 453954K [0x00000000c0000000, 0x00000000dbb80000, 0x00000000eab00000)
  object space 454144K, 99% used [0x00000000c0000000,0x00000000dbb50ac8,0x00000000dbb80000)
 Metaspace       used 72069K, committed 73664K, reserved 1114112K
  class space    used 9066K, committed 9792K, reserved 1048576K
}
Event: 23.657 GC heap after
{Heap after GC invocations=544 (full 3):
 PSYoungGen      total 2048K, used 256K [0x00000000eab00000, 0x00000000eaf80000, 0x0000000100000000)
  eden space 1536K, 0% used [0x00000000eab00000,0x00000000eab00000,0x00000000eac80000)
  from space 512K, 50% used [0x00000000eae80000,0x00000000eaec0000,0x00000000eaf00000)
  to   space 512K, 0% used [0x00000000eaf00000,0x00000000eaf00000,0x00000000eaf80000)
 ParOldGen       total 454144K, used 454018K [0x00000000c0000000, 0x00000000dbb80000, 0x00000000eab00000)
  object space 454144K, 99% used [0x00000000c0000000,0x00000000dbb60ac8,0x00000000dbb80000)
 Metaspace       used 72069K, committed 73664K, reserved 1114112K
  class space    used 9066K, committed 9792K, reserved 1048576K
}
Event: 23.675 GC heap before
{Heap before GC invocations=545 (full 3):
 PSYoungGen      total 2048K, used 1792K [0x00000000eab00000, 0x00000000eaf80000, 0x0000000100000000)
  eden space 1536K, 100% used [0x00000000eab00000,0x00000000eac80000,0x00000000eac80000)
  from space 512K, 50% used [0x00000000eae80000,0x00000000eaec0000,0x00000000eaf00000)
  to   space 512K, 0% used [0x00000000eaf00000,0x00000000eaf00000,0x00000000eaf80000)
 ParOldGen       total 454144K, used 454018K [0x00000000c0000000, 0x00000000dbb80000, 0x00000000eab00000)
  object space 454144K, 99% used [0x00000000c0000000,0x00000000dbb60ac8,0x00000000dbb80000)
 Metaspace       used 72069K, committed 73664K, reserved 1114112K
  class space    used 9066K, committed 9792K, reserved 1048576K
}
Event: 23.676 GC heap after
{Heap after GC invocations=545 (full 3):
 PSYoungGen      total 2048K, used 256K [0x00000000eab00000, 0x00000000eaf80000, 0x0000000100000000)
  eden space 1536K, 0% used [0x00000000eab00000,0x00000000eab00000,0x00000000eac80000)
  from space 512K, 50% used [0x00000000eaf00000,0x00000000eaf40000,0x00000000eaf80000)
  to   space 512K, 0% used [0x00000000eae80000,0x00000000eae80000,0x00000000eaf00000)
 ParOldGen       total 454144K, used 454082K [0x00000000c0000000, 0x00000000dbb80000, 0x00000000eab00000)
  object space 454144K, 99% used [0x00000000c0000000,0x00000000dbb70ac8,0x00000000dbb80000)
 Metaspace       used 72069K, committed 73664K, reserved 1114112K
  class space    used 9066K, committed 9792K, reserved 1048576K
}
Event: 23.695 GC heap before
{Heap before GC invocations=546 (full 3):
 PSYoungGen      total 2048K, used 1792K [0x00000000eab00000, 0x00000000eaf80000, 0x0000000100000000)
  eden space 1536K, 100% used [0x00000000eab00000,0x00000000eac80000,0x00000000eac80000)
  from space 512K, 50% used [0x00000000eaf00000,0x00000000eaf40000,0x00000000eaf80000)
  to   space 512K, 0% used [0x00000000eae80000,0x00000000eae80000,0x00000000eaf00000)
 ParOldGen       total 454144K, used 454082K [0x00000000c0000000, 0x00000000dbb80000, 0x00000000eab00000)
  object space 454144K, 99% used [0x00000000c0000000,0x00000000dbb70ac8,0x00000000dbb80000)
 Metaspace       used 72069K, committed 73664K, reserved 1114112K
  class space    used 9066K, committed 9792K, reserved 1048576K
}
Event: 23.696 GC heap after
{Heap after GC invocations=546 (full 3):
 PSYoungGen      total 2048K, used 288K [0x00000000eab00000, 0x00000000eaf80000, 0x0000000100000000)
  eden space 1536K, 0% used [0x00000000eab00000,0x00000000eab00000,0x00000000eac80000)
  from space 512K, 56% used [0x00000000eae80000,0x00000000eaec8000,0x00000000eaf00000)
  to   space 512K, 0% used [0x00000000eaf00000,0x00000000eaf00000,0x00000000eaf80000)
 ParOldGen       total 454656K, used 454170K [0x00000000c0000000, 0x00000000dbc00000, 0x00000000eab00000)
  object space 454656K, 99% used [0x00000000c0000000,0x00000000dbb86ad8,0x00000000dbc00000)
 Metaspace       used 72069K, committed 73664K, reserved 1114112K
  class space    used 9066K, committed 9792K, reserved 1048576K
}
Event: 23.722 GC heap before
{Heap before GC invocations=547 (full 3):
 PSYoungGen      total 2048K, used 1824K [0x00000000eab00000, 0x00000000eaf80000, 0x0000000100000000)
  eden space 1536K, 100% used [0x00000000eab00000,0x00000000eac80000,0x00000000eac80000)
  from space 512K, 56% used [0x00000000eae80000,0x00000000eaec8000,0x00000000eaf00000)
  to   space 512K, 0% used [0x00000000eaf00000,0x00000000eaf00000,0x00000000eaf80000)
 ParOldGen       total 454656K, used 454170K [0x00000000c0000000, 0x00000000dbc00000, 0x00000000eab00000)
  object space 454656K, 99% used [0x00000000c0000000,0x00000000dbb86ad8,0x00000000dbc00000)
 Metaspace       used 72069K, committed 73664K, reserved 1114112K
  class space    used 9066K, committed 9792K, reserved 1048576K
}
Event: 23.725 GC heap after
{Heap after GC invocations=547 (full 3):
 PSYoungGen      total 2048K, used 288K [0x00000000eab00000, 0x00000000eaf80000, 0x0000000100000000)
  eden space 1536K, 0% used [0x00000000eab00000,0x00000000eab00000,0x00000000eac80000)
  from space 512K, 56% used [0x00000000eaf00000,0x00000000eaf48000,0x00000000eaf80000)
  to   space 512K, 0% used [0x00000000eae80000,0x00000000eae80000,0x00000000eaf00000)
 ParOldGen       total 454656K, used 454242K [0x00000000c0000000, 0x00000000dbc00000, 0x00000000eab00000)
  object space 454656K, 99% used [0x00000000c0000000,0x00000000dbb98ad8,0x00000000dbc00000)
 Metaspace       used 72069K, committed 73664K, reserved 1114112K
  class space    used 9066K, committed 9792K, reserved 1048576K
}
Event: 23.770 GC heap before
{Heap before GC invocations=548 (full 3):
 PSYoungGen      total 2048K, used 1824K [0x00000000eab00000, 0x00000000eaf80000, 0x0000000100000000)
  eden space 1536K, 100% used [0x00000000eab00000,0x00000000eac80000,0x00000000eac80000)
  from space 512K, 56% used [0x00000000eaf00000,0x00000000eaf48000,0x00000000eaf80000)
  to   space 512K, 0% used [0x00000000eae80000,0x00000000eae80000,0x00000000eaf00000)
 ParOldGen       total 454656K, used 454242K [0x00000000c0000000, 0x00000000dbc00000, 0x00000000eab00000)
  object space 454656K, 99% used [0x00000000c0000000,0x00000000dbb98ad8,0x00000000dbc00000)
 Metaspace       used 72118K, committed 73664K, reserved 1114112K
  class space    used 9075K, committed 9792K, reserved 1048576K
}
Event: 23.771 GC heap after
{Heap after GC invocations=548 (full 3):
 PSYoungGen      total 2048K, used 320K [0x00000000eab00000, 0x00000000eaf80000, 0x0000000100000000)
  eden space 1536K, 0% used [0x00000000eab00000,0x00000000eab00000,0x00000000eac80000)
  from space 512K, 62% used [0x00000000eae80000,0x00000000eaed0000,0x00000000eaf00000)
  to   space 512K, 0% used [0x00000000eaf00000,0x00000000eaf00000,0x00000000eaf80000)
 ParOldGen       total 454656K, used 454314K [0x00000000c0000000, 0x00000000dbc00000, 0x00000000eab00000)
  object space 454656K, 99% used [0x00000000c0000000,0x00000000dbbaaad8,0x00000000dbc00000)
 Metaspace       used 72118K, committed 73664K, reserved 1114112K
  class space    used 9075K, committed 9792K, reserved 1048576K
}
Event: 23.812 GC heap before
{Heap before GC invocations=549 (full 3):
 PSYoungGen      total 2048K, used 1856K [0x00000000eab00000, 0x00000000eaf80000, 0x0000000100000000)
  eden space 1536K, 100% used [0x00000000eab00000,0x00000000eac80000,0x00000000eac80000)
  from space 512K, 62% used [0x00000000eae80000,0x00000000eaed0000,0x00000000eaf00000)
  to   space 512K, 0% used [0x00000000eaf00000,0x00000000eaf00000,0x00000000eaf80000)
 ParOldGen       total 454656K, used 454314K [0x00000000c0000000, 0x00000000dbc00000, 0x00000000eab00000)
  object space 454656K, 99% used [0x00000000c0000000,0x00000000dbbaaad8,0x00000000dbc00000)
 Metaspace       used 72294K, committed 73856K, reserved 1114112K
  class space    used 9106K, committed 9792K, reserved 1048576K
}
Event: 23.814 GC heap after
{Heap after GC invocations=549 (full 3):
 PSYoungGen      total 2048K, used 288K [0x00000000eab00000, 0x00000000eaf80000, 0x0000000100000000)
  eden space 1536K, 0% used [0x00000000eab00000,0x00000000eab00000,0x00000000eac80000)
  from space 512K, 56% used [0x00000000eaf00000,0x00000000eaf48000,0x00000000eaf80000)
  to   space 512K, 0% used [0x00000000eae80000,0x00000000eae80000,0x00000000eaf00000)
 ParOldGen       total 454656K, used 454386K [0x00000000c0000000, 0x00000000dbc00000, 0x00000000eab00000)
  object space 454656K, 99% used [0x00000000c0000000,0x00000000dbbbcad8,0x00000000dbc00000)
 Metaspace       used 72294K, committed 73856K, reserved 1114112K
  class space    used 9106K, committed 9792K, reserved 1048576K
}
Event: 23.851 GC heap before
{Heap before GC invocations=550 (full 3):
 PSYoungGen      total 2048K, used 1824K [0x00000000eab00000, 0x00000000eaf80000, 0x0000000100000000)
  eden space 1536K, 100% used [0x00000000eab00000,0x00000000eac80000,0x00000000eac80000)
  from space 512K, 56% used [0x00000000eaf00000,0x00000000eaf48000,0x00000000eaf80000)
  to   space 512K, 0% used [0x00000000eae80000,0x00000000eae80000,0x00000000eaf00000)
 ParOldGen       total 454656K, used 454386K [0x00000000c0000000, 0x00000000dbc00000, 0x00000000eab00000)
  object space 454656K, 99% used [0x00000000c0000000,0x00000000dbbbcad8,0x00000000dbc00000)
 Metaspace       used 72458K, committed 74048K, reserved 1114112K
  class space    used 9135K, committed 9856K, reserved 1048576K
}
Event: 23.852 GC heap after
{Heap after GC invocations=550 (full 3):
 PSYoungGen      total 2048K, used 224K [0x00000000eab00000, 0x00000000eaf80000, 0x0000000100000000)
  eden space 1536K, 0% used [0x00000000eab00000,0x00000000eab00000,0x00000000eac80000)
  from space 512K, 43% used [0x00000000eae80000,0x00000000eaeb8000,0x00000000eaf00000)
  to   space 512K, 0% used [0x00000000eaf00000,0x00000000eaf00000,0x00000000eaf80000)
 ParOldGen       total 454656K, used 454450K [0x00000000c0000000, 0x00000000dbc00000, 0x00000000eab00000)
  object space 454656K, 99% used [0x00000000c0000000,0x00000000dbbccad8,0x00000000dbc00000)
 Metaspace       used 72458K, committed 74048K, reserved 1114112K
  class space    used 9135K, committed 9856K, reserved 1048576K
}
Event: 24.914 GC heap before
{Heap before GC invocations=551 (full 3):
 PSYoungGen      total 2048K, used 1759K [0x00000000eab00000, 0x00000000eaf80000, 0x0000000100000000)
  eden space 1536K, 99% used [0x00000000eab00000,0x00000000eac7ffe8,0x00000000eac80000)
  from space 512K, 43% used [0x00000000eae80000,0x00000000eaeb8000,0x00000000eaf00000)
  to   space 512K, 0% used [0x00000000eaf00000,0x00000000eaf00000,0x00000000eaf80000)
 ParOldGen       total 454656K, used 454450K [0x00000000c0000000, 0x00000000dbc00000, 0x00000000eab00000)
  object space 454656K, 99% used [0x00000000c0000000,0x00000000dbbccad8,0x00000000dbc00000)
 Metaspace       used 72614K, committed 74176K, reserved 1114112K
  class space    used 9165K, committed 9856K, reserved 1048576K
}
Event: 24.916 GC heap after
{Heap after GC invocations=551 (full 3):
 PSYoungGen      total 2048K, used 288K [0x00000000eab00000, 0x00000000eaf80000, 0x0000000100000000)
  eden space 1536K, 0% used [0x00000000eab00000,0x00000000eab00000,0x00000000eac80000)
  from space 512K, 56% used [0x00000000eaf00000,0x00000000eaf48000,0x00000000eaf80000)
  to   space 512K, 0% used [0x00000000eae80000,0x00000000eae80000,0x00000000eaf00000)
 ParOldGen       total 454656K, used 454538K [0x00000000c0000000, 0x00000000dbc00000, 0x00000000eab00000)
  object space 454656K, 99% used [0x00000000c0000000,0x00000000dbbe2ad8,0x00000000dbc00000)
 Metaspace       used 72614K, committed 74176K, reserved 1114112K
  class space    used 9165K, committed 9856K, reserved 1048576K
}
Event: 25.142 GC heap before
{Heap before GC invocations=552 (full 3):
 PSYoungGen      total 2048K, used 1824K [0x00000000eab00000, 0x00000000eaf80000, 0x0000000100000000)
  eden space 1536K, 100% used [0x00000000eab00000,0x00000000eac80000,0x00000000eac80000)
  from space 512K, 56% used [0x00000000eaf00000,0x00000000eaf48000,0x00000000eaf80000)
  to   space 512K, 0% used [0x00000000eae80000,0x00000000eae80000,0x00000000eaf00000)
 ParOldGen       total 454656K, used 454538K [0x00000000c0000000, 0x00000000dbc00000, 0x00000000eab00000)
  object space 454656K, 99% used [0x00000000c0000000,0x00000000dbbe2ad8,0x00000000dbc00000)
 Metaspace       used 72807K, committed 74368K, reserved 1114112K
  class space    used 9190K, committed 9920K, reserved 1048576K
}
Event: 25.144 GC heap after
{Heap after GC invocations=552 (full 3):
 PSYoungGen      total 2048K, used 256K [0x00000000eab00000, 0x00000000eaf80000, 0x0000000100000000)
  eden space 1536K, 0% used [0x00000000eab00000,0x00000000eab00000,0x00000000eac80000)
  from space 512K, 50% used [0x00000000eae80000,0x00000000eaec0000,0x00000000eaf00000)
  to   space 512K, 0% used [0x00000000eaf00000,0x00000000eaf00000,0x00000000eaf80000)
 ParOldGen       total 454656K, used 454602K [0x00000000c0000000, 0x00000000dbc00000, 0x00000000eab00000)
  object space 454656K, 99% used [0x00000000c0000000,0x00000000dbbf2ad8,0x00000000dbc00000)
 Metaspace       used 72807K, committed 74368K, reserved 1114112K
  class space    used 9190K, committed 9920K, reserved 1048576K
}

