# JRE version: OpenJDK Runtime Environment Temurin-21.0.7+6 (21.0.7+6) (build 21.0.7+6-LTS)
# Java VM: OpenJDK 64-Bit Server VM Temurin-21.0.7+6 (21.0.7+6-LTS, mixed mode, sharing, tiered, compressed oops, compressed class ptrs, parallel gc, windows-amd64)
GC Precious Log:
 CardTable entry size: 512
 CPUs: 12 total, 12 available
 Memory: 7896M
 Large Page Support: Disabled
 NUMA Support: Disabled
 Compressed Oops: Enabled (32-bit)
 Alignments: Space 512K, Generation 512K, Heap 2M
 Heap Min Capacity: 100M
 Heap Initial Capacity: 100M
 Heap Max Capacity: 1G
 Pre-touch: Disabled
 Parallel Workers: 10
Heap:
 PSYoungGen      total 4096K, used 2377K [0x00000000eab00000, 0x00000000eb300000, 0x0000000100000000)
  eden space 3584K, 57% used [0x00000000eab00000,0x00000000ead02488,0x00000000eae80000)
  from space 512K, 62% used [0x00000000eb280000,0x00000000eb2d0000,0x00000000eb300000)
  to   space 512K, 0% used [0x00000000eb200000,0x00000000eb200000,0x00000000eb280000)
 ParOldGen       total 443904K, used 443836K [0x00000000c0000000, 0x00000000db180000, 0x00000000eab00000)
  object space 443904K, 99% used [0x00000000c0000000,0x00000000db16f1a0,0x00000000db180000)
 Metaspace       used 72496K, committed 74112K, reserved 1114112K
  class space    used 9085K, committed 9792K, reserved 1048576K
GC Heap History (20 events):
Event: 34.434 GC heap before
{Heap before GC invocations=443 (full 3):
 PSYoungGen      total 4096K, used 4001K [0x00000000eab00000, 0x00000000eb400000, 0x0000000100000000)
  eden space 3584K, 100% used [0x00000000eab00000,0x00000000eae80000,0x00000000eae80000)
  from space 512K, 81% used [0x00000000eb280000,0x00000000eb2e84c0,0x00000000eb300000)
  to   space 1024K, 0% used [0x00000000eb300000,0x00000000eb300000,0x00000000eb400000)
 ParOldGen       total 442368K, used 441962K [0x00000000c0000000, 0x00000000db000000, 0x00000000eab00000)
  object space 442368K, 99% used [0x00000000c0000000,0x00000000daf9a868,0x00000000db000000)
 Metaspace       used 72099K, committed 73728K, reserved 1114112K
  class space    used 9062K, committed 9792K, reserved 1048576K
}
Event: 34.435 GC heap after
{Heap after GC invocations=443 (full 3):
 PSYoungGen      total 4096K, used 192K [0x00000000eab00000, 0x00000000eb380000, 0x0000000100000000)
  eden space 3584K, 0% used [0x00000000eab00000,0x00000000eab00000,0x00000000eae80000)
  from space 512K, 37% used [0x00000000eb300000,0x00000000eb330000,0x00000000eb380000)
  to   space 512K, 0% used [0x00000000eb280000,0x00000000eb280000,0x00000000eb300000)
 ParOldGen       total 442368K, used 442248K [0x00000000c0000000, 0x00000000db000000, 0x00000000eab00000)
  object space 442368K, 99% used [0x00000000c0000000,0x00000000dafe2118,0x00000000db000000)
 Metaspace       used 72099K, committed 73728K, reserved 1114112K
  class space    used 9062K, committed 9792K, reserved 1048576K
}
Event: 34.780 GC heap before
{Heap before GC invocations=444 (full 3):
 PSYoungGen      total 4096K, used 3776K [0x00000000eab00000, 0x00000000eb380000, 0x0000000100000000)
  eden space 3584K, 100% used [0x00000000eab00000,0x00000000eae80000,0x00000000eae80000)
  from space 512K, 37% used [0x00000000eb300000,0x00000000eb330000,0x00000000eb380000)
  to   space 512K, 0% used [0x00000000eb280000,0x00000000eb280000,0x00000000eb300000)
 ParOldGen       total 442368K, used 442248K [0x00000000c0000000, 0x00000000db000000, 0x00000000eab00000)
  object space 442368K, 99% used [0x00000000c0000000,0x00000000dafe2118,0x00000000db000000)
 Metaspace       used 72232K, committed 73792K, reserved 1114112K
  class space    used 9073K, committed 9792K, reserved 1048576K
}
Event: 34.781 GC heap after
{Heap after GC invocations=444 (full 3):
 PSYoungGen      total 4096K, used 288K [0x00000000eab00000, 0x00000000eb380000, 0x0000000100000000)
  eden space 3584K, 0% used [0x00000000eab00000,0x00000000eab00000,0x00000000eae80000)
  from space 512K, 56% used [0x00000000eb280000,0x00000000eb2c8000,0x00000000eb300000)
  to   space 512K, 0% used [0x00000000eb300000,0x00000000eb300000,0x00000000eb380000)
 ParOldGen       total 442368K, used 442312K [0x00000000c0000000, 0x00000000db000000, 0x00000000eab00000)
  object space 442368K, 99% used [0x00000000c0000000,0x00000000daff2118,0x00000000db000000)
 Metaspace       used 72232K, committed 73792K, reserved 1114112K
  class space    used 9073K, committed 9792K, reserved 1048576K
}
Event: 35.170 GC heap before
{Heap before GC invocations=445 (full 3):
 PSYoungGen      total 4096K, used 3869K [0x00000000eab00000, 0x00000000eb380000, 0x0000000100000000)
  eden space 3584K, 99% used [0x00000000eab00000,0x00000000eae7f498,0x00000000eae80000)
  from space 512K, 56% used [0x00000000eb280000,0x00000000eb2c8000,0x00000000eb300000)
  to   space 512K, 0% used [0x00000000eb300000,0x00000000eb300000,0x00000000eb380000)
 ParOldGen       total 442368K, used 442312K [0x00000000c0000000, 0x00000000db000000, 0x00000000eab00000)
  object space 442368K, 99% used [0x00000000c0000000,0x00000000daff2118,0x00000000db000000)
 Metaspace       used 72282K, committed 73856K, reserved 1114112K
  class space    used 9075K, committed 9792K, reserved 1048576K
}
Event: 35.172 GC heap after
{Heap after GC invocations=445 (full 3):
 PSYoungGen      total 4096K, used 338K [0x00000000eab00000, 0x00000000eb380000, 0x0000000100000000)
  eden space 3584K, 0% used [0x00000000eab00000,0x00000000eab00000,0x00000000eae80000)
  from space 512K, 66% used [0x00000000eb300000,0x00000000eb354a80,0x00000000eb380000)
  to   space 512K, 0% used [0x00000000eb280000,0x00000000eb280000,0x00000000eb300000)
 ParOldGen       total 442880K, used 442376K [0x00000000c0000000, 0x00000000db080000, 0x00000000eab00000)
  object space 442880K, 99% used [0x00000000c0000000,0x00000000db002118,0x00000000db080000)
 Metaspace       used 72282K, committed 73856K, reserved 1114112K
  class space    used 9075K, committed 9792K, reserved 1048576K
}
Event: 35.341 GC heap before
{Heap before GC invocations=446 (full 3):
 PSYoungGen      total 4096K, used 3922K [0x00000000eab00000, 0x00000000eb380000, 0x0000000100000000)
  eden space 3584K, 100% used [0x00000000eab00000,0x00000000eae80000,0x00000000eae80000)
  from space 512K, 66% used [0x00000000eb300000,0x00000000eb354a80,0x00000000eb380000)
  to   space 512K, 0% used [0x00000000eb280000,0x00000000eb280000,0x00000000eb300000)
 ParOldGen       total 442880K, used 442376K [0x00000000c0000000, 0x00000000db080000, 0x00000000eab00000)
  object space 442880K, 99% used [0x00000000c0000000,0x00000000db002118,0x00000000db080000)
 Metaspace       used 72300K, committed 73920K, reserved 1114112K
  class space    used 9075K, committed 9792K, reserved 1048576K
}
Event: 35.343 GC heap after
{Heap after GC invocations=446 (full 3):
 PSYoungGen      total 4096K, used 224K [0x00000000eab00000, 0x00000000eb380000, 0x0000000100000000)
  eden space 3584K, 0% used [0x00000000eab00000,0x00000000eab00000,0x00000000eae80000)
  from space 512K, 43% used [0x00000000eb280000,0x00000000eb2b8000,0x00000000eb300000)
  to   space 512K, 0% used [0x00000000eb300000,0x00000000eb300000,0x00000000eb380000)
 ParOldGen       total 442880K, used 442482K [0x00000000c0000000, 0x00000000db080000, 0x00000000eab00000)
  object space 442880K, 99% used [0x00000000c0000000,0x00000000db01cb98,0x00000000db080000)
 Metaspace       used 72300K, committed 73920K, reserved 1114112K
  class space    used 9075K, committed 9792K, reserved 1048576K
}
Event: 35.522 GC heap before
{Heap before GC invocations=447 (full 3):
 PSYoungGen      total 4096K, used 3808K [0x00000000eab00000, 0x00000000eb380000, 0x0000000100000000)
  eden space 3584K, 100% used [0x00000000eab00000,0x00000000eae80000,0x00000000eae80000)
  from space 512K, 43% used [0x00000000eb280000,0x00000000eb2b8000,0x00000000eb300000)
  to   space 512K, 0% used [0x00000000eb300000,0x00000000eb300000,0x00000000eb380000)
 ParOldGen       total 442880K, used 442482K [0x00000000c0000000, 0x00000000db080000, 0x00000000eab00000)
  object space 442880K, 99% used [0x00000000c0000000,0x00000000db01cb98,0x00000000db080000)
 Metaspace       used 72475K, committed 74048K, reserved 1114112K
  class space    used 9085K, committed 9792K, reserved 1048576K
}
Event: 35.523 GC heap after
{Heap after GC invocations=447 (full 3):
 PSYoungGen      total 4096K, used 470K [0x00000000eab00000, 0x00000000eb380000, 0x0000000100000000)
  eden space 3584K, 0% used [0x00000000eab00000,0x00000000eab00000,0x00000000eae80000)
  from space 512K, 91% used [0x00000000eb300000,0x00000000eb375ba8,0x00000000eb380000)
  to   space 1024K, 0% used [0x00000000eb180000,0x00000000eb180000,0x00000000eb280000)
 ParOldGen       total 442880K, used 442546K [0x00000000c0000000, 0x00000000db080000, 0x00000000eab00000)
  object space 442880K, 99% used [0x00000000c0000000,0x00000000db02cb98,0x00000000db080000)
 Metaspace       used 72475K, committed 74048K, reserved 1114112K
  class space    used 9085K, committed 9792K, reserved 1048576K
}
Event: 35.599 GC heap before
{Heap before GC invocations=448 (full 3):
 PSYoungGen      total 4096K, used 4054K [0x00000000eab00000, 0x00000000eb380000, 0x0000000100000000)
  eden space 3584K, 100% used [0x00000000eab00000,0x00000000eae80000,0x00000000eae80000)
  from space 512K, 91% used [0x00000000eb300000,0x00000000eb375ba8,0x00000000eb380000)
  to   space 1024K, 0% used [0x00000000eb180000,0x00000000eb180000,0x00000000eb280000)
 ParOldGen       total 442880K, used 442546K [0x00000000c0000000, 0x00000000db080000, 0x00000000eab00000)
  object space 442880K, 99% used [0x00000000c0000000,0x00000000db02cb98,0x00000000db080000)
 Metaspace       used 72483K, committed 74048K, reserved 1114112K
  class space    used 9085K, committed 9792K, reserved 1048576K
}
Event: 35.600 GC heap after
{Heap after GC invocations=448 (full 3):
 PSYoungGen      total 4608K, used 642K [0x00000000eab00000, 0x00000000eb380000, 0x0000000100000000)
  eden space 3584K, 0% used [0x00000000eab00000,0x00000000eab00000,0x00000000eae80000)
  from space 1024K, 62% used [0x00000000eb180000,0x00000000eb2208e0,0x00000000eb280000)
  to   space 1024K, 0% used [0x00000000eb280000,0x00000000eb280000,0x00000000eb380000)
 ParOldGen       total 442880K, used 442723K [0x00000000c0000000, 0x00000000db080000, 0x00000000eab00000)
  object space 442880K, 99% used [0x00000000c0000000,0x00000000db058d10,0x00000000db080000)
 Metaspace       used 72483K, committed 74048K, reserved 1114112K
  class space    used 9085K, committed 9792K, reserved 1048576K
}
Event: 35.665 GC heap before
{Heap before GC invocations=449 (full 3):
 PSYoungGen      total 4608K, used 4218K [0x00000000eab00000, 0x00000000eb380000, 0x0000000100000000)
  eden space 3584K, 99% used [0x00000000eab00000,0x00000000eae7e108,0x00000000eae80000)
  from space 1024K, 62% used [0x00000000eb180000,0x00000000eb2208e0,0x00000000eb280000)
  to   space 1024K, 0% used [0x00000000eb280000,0x00000000eb280000,0x00000000eb380000)
 ParOldGen       total 442880K, used 442723K [0x00000000c0000000, 0x00000000db080000, 0x00000000eab00000)
  object space 442880K, 99% used [0x00000000c0000000,0x00000000db058d10,0x00000000db080000)
 Metaspace       used 72493K, committed 74048K, reserved 1114112K
  class space    used 9085K, committed 9792K, reserved 1048576K
}
Event: 35.667 GC heap after
{Heap after GC invocations=449 (full 3):
 PSYoungGen      total 4096K, used 460K [0x00000000eab00000, 0x00000000eb300000, 0x0000000100000000)
  eden space 3584K, 0% used [0x00000000eab00000,0x00000000eab00000,0x00000000eae80000)
  from space 512K, 89% used [0x00000000eb280000,0x00000000eb2f3170,0x00000000eb300000)
  to   space 1024K, 0% used [0x00000000eb100000,0x00000000eb100000,0x00000000eb200000)
 ParOldGen       total 443392K, used 443318K [0x00000000c0000000, 0x00000000db100000, 0x00000000eab00000)
  object space 443392K, 99% used [0x00000000c0000000,0x00000000db0ed9c8,0x00000000db100000)
 Metaspace       used 72493K, committed 74048K, reserved 1114112K
  class space    used 9085K, committed 9792K, reserved 1048576K
}
Event: 35.713 GC heap before
{Heap before GC invocations=450 (full 3):
 PSYoungGen      total 4096K, used 4044K [0x00000000eab00000, 0x00000000eb300000, 0x0000000100000000)
  eden space 3584K, 100% used [0x00000000eab00000,0x00000000eae80000,0x00000000eae80000)
  from space 512K, 89% used [0x00000000eb280000,0x00000000eb2f3170,0x00000000eb300000)
  to   space 1024K, 0% used [0x00000000eb100000,0x00000000eb100000,0x00000000eb200000)
 ParOldGen       total 443392K, used 443318K [0x00000000c0000000, 0x00000000db100000, 0x00000000eab00000)
  object space 443392K, 99% used [0x00000000c0000000,0x00000000db0ed9c8,0x00000000db100000)
 Metaspace       used 72493K, committed 74048K, reserved 1114112K
  class space    used 9085K, committed 9792K, reserved 1048576K
}
Event: 35.714 GC heap after
{Heap after GC invocations=450 (full 3):
 PSYoungGen      total 4608K, used 375K [0x00000000eab00000, 0x00000000eb300000, 0x0000000100000000)
  eden space 3584K, 0% used [0x00000000eab00000,0x00000000eab00000,0x00000000eae80000)
  from space 1024K, 36% used [0x00000000eb100000,0x00000000eb15dc80,0x00000000eb200000)
  to   space 512K, 0% used [0x00000000eb280000,0x00000000eb280000,0x00000000eb300000)
 ParOldGen       total 443904K, used 443628K [0x00000000c0000000, 0x00000000db180000, 0x00000000eab00000)
  object space 443904K, 99% used [0x00000000c0000000,0x00000000db13b190,0x00000000db180000)
 Metaspace       used 72493K, committed 74048K, reserved 1114112K
  class space    used 9085K, committed 9792K, reserved 1048576K
}
Event: 35.770 GC heap before
{Heap before GC invocations=451 (full 3):
 PSYoungGen      total 4608K, used 3959K [0x00000000eab00000, 0x00000000eb300000, 0x0000000100000000)
  eden space 3584K, 100% used [0x00000000eab00000,0x00000000eae80000,0x00000000eae80000)
  from space 1024K, 36% used [0x00000000eb100000,0x00000000eb15dc80,0x00000000eb200000)
  to   space 512K, 0% used [0x00000000eb280000,0x00000000eb280000,0x00000000eb300000)
 ParOldGen       total 443904K, used 443628K [0x00000000c0000000, 0x00000000db180000, 0x00000000eab00000)
  object space 443904K, 99% used [0x00000000c0000000,0x00000000db13b190,0x00000000db180000)
 Metaspace       used 72493K, committed 74048K, reserved 1114112K
  class space    used 9085K, committed 9792K, reserved 1048576K
}
Event: 35.772 GC heap after
{Heap after GC invocations=451 (full 3):
 PSYoungGen      total 4096K, used 294K [0x00000000eab00000, 0x00000000eb300000, 0x0000000100000000)
  eden space 3584K, 0% used [0x00000000eab00000,0x00000000eab00000,0x00000000eae80000)
  from space 512K, 57% used [0x00000000eb280000,0x00000000eb2c9a00,0x00000000eb300000)
  to   space 512K, 0% used [0x00000000eb200000,0x00000000eb200000,0x00000000eb280000)
 ParOldGen       total 443904K, used 443684K [0x00000000c0000000, 0x00000000db180000, 0x00000000eab00000)
  object space 443904K, 99% used [0x00000000c0000000,0x00000000db149190,0x00000000db180000)
 Metaspace       used 72493K, committed 74048K, reserved 1114112K
  class space    used 9085K, committed 9792K, reserved 1048576K
}
Event: 35.827 GC heap before
{Heap before GC invocations=452 (full 3):
 PSYoungGen      total 4096K, used 3878K [0x00000000eab00000, 0x00000000eb300000, 0x0000000100000000)
  eden space 3584K, 100% used [0x00000000eab00000,0x00000000eae80000,0x00000000eae80000)
  from space 512K, 57% used [0x00000000eb280000,0x00000000eb2c9a00,0x00000000eb300000)
  to   space 512K, 0% used [0x00000000eb200000,0x00000000eb200000,0x00000000eb280000)
 ParOldGen       total 443904K, used 443684K [0x00000000c0000000, 0x00000000db180000, 0x00000000eab00000)
  object space 443904K, 99% used [0x00000000c0000000,0x00000000db149190,0x00000000db180000)
 Metaspace       used 72493K, committed 74048K, reserved 1114112K
  class space    used 9085K, committed 9792K, reserved 1048576K
}
Event: 35.829 GC heap after
{Heap after GC invocations=452 (full 3):
 PSYoungGen      total 4096K, used 288K [0x00000000eab00000, 0x00000000eb300000, 0x0000000100000000)
  eden space 3584K, 0% used [0x00000000eab00000,0x00000000eab00000,0x00000000eae80000)
  from space 512K, 56% used [0x00000000eb200000,0x00000000eb248000,0x00000000eb280000)
  to   space 512K, 0% used [0x00000000eb280000,0x00000000eb280000,0x00000000eb300000)
 ParOldGen       total 443904K, used 443748K [0x00000000c0000000, 0x00000000db180000, 0x00000000eab00000)
  object space 443904K, 99% used [0x00000000c0000000,0x00000000db159190,0x00000000db180000)
 Metaspace       used 72493K, committed 74048K, reserved 1114112K
  class space    used 9085K, committed 9792K, reserved 1048576K
}

