# JRE version: OpenJDK Runtime Environment Temurin-21.0.7+6 (21.0.7+6) (build 21.0.7+6-LTS)
# Java VM: OpenJDK 64-Bit Server VM Temurin-21.0.7+6 (21.0.7+6-LTS, mixed mode, sharing, tiered, compressed oops, compressed class ptrs, parallel gc, windows-amd64)
GC Precious Log:
 CardTable entry size: 512
 CPUs: 12 total, 12 available
 Memory: 7896M
 Large Page Support: Disabled
 NUMA Support: Disabled
 Compressed Oops: Enabled (32-bit)
 Alignments: Space 512K, Generation 512K, Heap 2M
 Heap Min Capacity: 100M
 Heap Initial Capacity: 100M
 Heap Max Capacity: 1G
 Pre-touch: Disabled
 Parallel Workers: 10
Heap:
 PSYoungGen      total 8704K, used 8263K [0x00000000eab00000, 0x00000000eb580000, 0x0000000100000000)
  eden space 7168K, 99% used [0x00000000eab00000,0x00000000eb1f7cb8,0x00000000eb200000)
  from space 1536K, 73% used [0x00000000eb400000,0x00000000eb51a278,0x00000000eb580000)
  to   space 1536K, 69% used [0x00000000eb280000,0x00000000eb38bac8,0x00000000eb400000)
 ParOldGen       total 339968K, used 339966K [0x00000000c0000000, 0x00000000d4c00000, 0x00000000eab00000)
  object space 339968K, 99% used [0x00000000c0000000,0x00000000d4bffb78,0x00000000d4c00000)
 Metaspace       used 69663K, committed 71104K, reserved 1114112K
  class space    used 8748K, committed 9408K, reserved 1048576K
GC Heap History (20 events):
Event: 28.658 GC heap after
{Heap after GC invocations=219 (full 3):
 PSYoungGen      total 4096K, used 1046K [0x00000000eab00000, 0x00000000eb080000, 0x0000000100000000)
  eden space 2560K, 0% used [0x00000000eab00000,0x00000000eab00000,0x00000000ead80000)
  from space 1536K, 68% used [0x00000000eaf00000,0x00000000eb005950,0x00000000eb080000)
  to   space 1536K, 0% used [0x00000000ead80000,0x00000000ead80000,0x00000000eaf00000)
 ParOldGen       total 322048K, used 321864K [0x00000000c0000000, 0x00000000d3a80000, 0x00000000eab00000)
  object space 322048K, 99% used [0x00000000c0000000,0x00000000d3a52008,0x00000000d3a80000)
 Metaspace       used 69662K, committed 71104K, reserved 1114112K
  class space    used 8748K, committed 9408K, reserved 1048576K
}
Event: 28.665 GC heap before
{Heap before GC invocations=220 (full 3):
 PSYoungGen      total 4096K, used 3606K [0x00000000eab00000, 0x00000000eb080000, 0x0000000100000000)
  eden space 2560K, 100% used [0x00000000eab00000,0x00000000ead80000,0x00000000ead80000)
  from space 1536K, 68% used [0x00000000eaf00000,0x00000000eb005950,0x00000000eb080000)
  to   space 1536K, 0% used [0x00000000ead80000,0x00000000ead80000,0x00000000eaf00000)
 ParOldGen       total 322048K, used 322004K [0x00000000c0000000, 0x00000000d3a80000, 0x00000000eab00000)
  object space 322048K, 99% used [0x00000000c0000000,0x00000000d3a75050,0x00000000d3a80000)
 Metaspace       used 69662K, committed 71104K, reserved 1114112K
  class space    used 8748K, committed 9408K, reserved 1048576K
}
Event: 28.666 GC heap after
{Heap after GC invocations=220 (full 3):
 PSYoungGen      total 4096K, used 1031K [0x00000000eab00000, 0x00000000eb100000, 0x0000000100000000)
  eden space 2560K, 0% used [0x00000000eab00000,0x00000000eab00000,0x00000000ead80000)
  from space 1536K, 67% used [0x00000000ead80000,0x00000000eae81cd8,0x00000000eaf00000)
  to   space 1536K, 0% used [0x00000000eaf80000,0x00000000eaf80000,0x00000000eb100000)
 ParOldGen       total 323072K, used 322869K [0x00000000c0000000, 0x00000000d3b80000, 0x00000000eab00000)
  object space 323072K, 99% used [0x00000000c0000000,0x00000000d3b4d718,0x00000000d3b80000)
 Metaspace       used 69662K, committed 71104K, reserved 1114112K
  class space    used 8748K, committed 9408K, reserved 1048576K
}
Event: 28.671 GC heap before
{Heap before GC invocations=221 (full 3):
 PSYoungGen      total 4096K, used 3586K [0x00000000eab00000, 0x00000000eb100000, 0x0000000100000000)
  eden space 2560K, 99% used [0x00000000eab00000,0x00000000ead7ee20,0x00000000ead80000)
  from space 1536K, 67% used [0x00000000ead80000,0x00000000eae81cd8,0x00000000eaf00000)
  to   space 1536K, 0% used [0x00000000eaf80000,0x00000000eaf80000,0x00000000eb100000)
 ParOldGen       total 323072K, used 322869K [0x00000000c0000000, 0x00000000d3b80000, 0x00000000eab00000)
  object space 323072K, 99% used [0x00000000c0000000,0x00000000d3b4d718,0x00000000d3b80000)
 Metaspace       used 69662K, committed 71104K, reserved 1114112K
  class space    used 8748K, committed 9408K, reserved 1048576K
}
Event: 28.673 GC heap after
{Heap after GC invocations=221 (full 3):
 PSYoungGen      total 4608K, used 1096K [0x00000000eab00000, 0x00000000eb100000, 0x0000000100000000)
  eden space 3072K, 0% used [0x00000000eab00000,0x00000000eab00000,0x00000000eae00000)
  from space 1536K, 71% used [0x00000000eaf80000,0x00000000eb092340,0x00000000eb100000)
  to   space 1536K, 0% used [0x00000000eae00000,0x00000000eae00000,0x00000000eaf80000)
 ParOldGen       total 324096K, used 323758K [0x00000000c0000000, 0x00000000d3c80000, 0x00000000eab00000)
  object space 324096K, 99% used [0x00000000c0000000,0x00000000d3c2b900,0x00000000d3c80000)
 Metaspace       used 69662K, committed 71104K, reserved 1114112K
  class space    used 8748K, committed 9408K, reserved 1048576K
}
Event: 28.681 GC heap before
{Heap before GC invocations=222 (full 3):
 PSYoungGen      total 4608K, used 4159K [0x00000000eab00000, 0x00000000eb100000, 0x0000000100000000)
  eden space 3072K, 99% used [0x00000000eab00000,0x00000000eadfd928,0x00000000eae00000)
  from space 1536K, 71% used [0x00000000eaf80000,0x00000000eb092340,0x00000000eb100000)
  to   space 1536K, 0% used [0x00000000eae00000,0x00000000eae00000,0x00000000eaf80000)
 ParOldGen       total 324096K, used 323809K [0x00000000c0000000, 0x00000000d3c80000, 0x00000000eab00000)
  object space 324096K, 99% used [0x00000000c0000000,0x00000000d3c386f0,0x00000000d3c80000)
 Metaspace       used 69662K, committed 71104K, reserved 1114112K
  class space    used 8748K, committed 9408K, reserved 1048576K
}
Event: 28.682 GC heap after
{Heap after GC invocations=222 (full 3):
 PSYoungGen      total 4608K, used 1267K [0x00000000eab00000, 0x00000000eb100000, 0x0000000100000000)
  eden space 3072K, 0% used [0x00000000eab00000,0x00000000eab00000,0x00000000eae00000)
  from space 1536K, 82% used [0x00000000eae00000,0x00000000eaf3cf88,0x00000000eaf80000)
  to   space 1536K, 0% used [0x00000000eaf80000,0x00000000eaf80000,0x00000000eb100000)
 ParOldGen       total 325120K, used 324802K [0x00000000c0000000, 0x00000000d3d80000, 0x00000000eab00000)
  object space 325120K, 99% used [0x00000000c0000000,0x00000000d3d30ad8,0x00000000d3d80000)
 Metaspace       used 69662K, committed 71104K, reserved 1114112K
  class space    used 8748K, committed 9408K, reserved 1048576K
}
Event: 28.689 GC heap before
{Heap before GC invocations=223 (full 3):
 PSYoungGen      total 4608K, used 4339K [0x00000000eab00000, 0x00000000eb100000, 0x0000000100000000)
  eden space 3072K, 100% used [0x00000000eab00000,0x00000000eae00000,0x00000000eae00000)
  from space 1536K, 82% used [0x00000000eae00000,0x00000000eaf3cf88,0x00000000eaf80000)
  to   space 1536K, 0% used [0x00000000eaf80000,0x00000000eaf80000,0x00000000eb100000)
 ParOldGen       total 325120K, used 324859K [0x00000000c0000000, 0x00000000d3d80000, 0x00000000eab00000)
  object space 325120K, 99% used [0x00000000c0000000,0x00000000d3d3eda0,0x00000000d3d80000)
 Metaspace       used 69662K, committed 71104K, reserved 1114112K
  class space    used 8748K, committed 9408K, reserved 1048576K
}
Event: 28.691 GC heap after
{Heap after GC invocations=223 (full 3):
 PSYoungGen      total 4608K, used 1169K [0x00000000eab00000, 0x00000000eb200000, 0x0000000100000000)
  eden space 3072K, 0% used [0x00000000eab00000,0x00000000eab00000,0x00000000eae00000)
  from space 1536K, 76% used [0x00000000eaf80000,0x00000000eb0a4698,0x00000000eb100000)
  to   space 1536K, 0% used [0x00000000eae00000,0x00000000eae00000,0x00000000eaf80000)
 ParOldGen       total 326144K, used 326003K [0x00000000c0000000, 0x00000000d3e80000, 0x00000000eab00000)
  object space 326144K, 99% used [0x00000000c0000000,0x00000000d3e5cd90,0x00000000d3e80000)
 Metaspace       used 69662K, committed 71104K, reserved 1114112K
  class space    used 8748K, committed 9408K, reserved 1048576K
}
Event: 28.700 GC heap before
{Heap before GC invocations=224 (full 3):
 PSYoungGen      total 4608K, used 4241K [0x00000000eab00000, 0x00000000eb200000, 0x0000000100000000)
  eden space 3072K, 100% used [0x00000000eab00000,0x00000000eae00000,0x00000000eae00000)
  from space 1536K, 76% used [0x00000000eaf80000,0x00000000eb0a4698,0x00000000eb100000)
  to   space 1536K, 0% used [0x00000000eae00000,0x00000000eae00000,0x00000000eaf80000)
 ParOldGen       total 326144K, used 326003K [0x00000000c0000000, 0x00000000d3e80000, 0x00000000eab00000)
  object space 326144K, 99% used [0x00000000c0000000,0x00000000d3e5cd90,0x00000000d3e80000)
 Metaspace       used 69662K, committed 71104K, reserved 1114112K
  class space    used 8748K, committed 9408K, reserved 1048576K
}
Event: 28.702 GC heap after
{Heap after GC invocations=224 (full 3):
 PSYoungGen      total 4608K, used 1138K [0x00000000eab00000, 0x00000000eb100000, 0x0000000100000000)
  eden space 3072K, 0% used [0x00000000eab00000,0x00000000eab00000,0x00000000eae00000)
  from space 1536K, 74% used [0x00000000eae00000,0x00000000eaf1cb30,0x00000000eaf80000)
  to   space 1536K, 0% used [0x00000000eaf80000,0x00000000eaf80000,0x00000000eb100000)
 ParOldGen       total 327168K, used 327004K [0x00000000c0000000, 0x00000000d3f80000, 0x00000000eab00000)
  object space 327168K, 99% used [0x00000000c0000000,0x00000000d3f57240,0x00000000d3f80000)
 Metaspace       used 69662K, committed 71104K, reserved 1114112K
  class space    used 8748K, committed 9408K, reserved 1048576K
}
Event: 28.707 GC heap before
{Heap before GC invocations=225 (full 3):
 PSYoungGen      total 4608K, used 4154K [0x00000000eab00000, 0x00000000eb100000, 0x0000000100000000)
  eden space 3072K, 98% used [0x00000000eab00000,0x00000000eadf1d00,0x00000000eae00000)
  from space 1536K, 74% used [0x00000000eae00000,0x00000000eaf1cb30,0x00000000eaf80000)
  to   space 1536K, 0% used [0x00000000eaf80000,0x00000000eaf80000,0x00000000eb100000)
 ParOldGen       total 327168K, used 327004K [0x00000000c0000000, 0x00000000d3f80000, 0x00000000eab00000)
  object space 327168K, 99% used [0x00000000c0000000,0x00000000d3f57240,0x00000000d3f80000)
 Metaspace       used 69662K, committed 71104K, reserved 1114112K
  class space    used 8748K, committed 9408K, reserved 1048576K
}
Event: 28.709 GC heap after
{Heap after GC invocations=225 (full 3):
 PSYoungGen      total 4608K, used 1285K [0x00000000eab00000, 0x00000000eb200000, 0x0000000100000000)
  eden space 3072K, 0% used [0x00000000eab00000,0x00000000eab00000,0x00000000eae00000)
  from space 1536K, 83% used [0x00000000eaf80000,0x00000000eb0c15d0,0x00000000eb100000)
  to   space 1536K, 0% used [0x00000000eae00000,0x00000000eae00000,0x00000000eaf80000)
 ParOldGen       total 328192K, used 328006K [0x00000000c0000000, 0x00000000d4080000, 0x00000000eab00000)
  object space 328192K, 99% used [0x00000000c0000000,0x00000000d4051920,0x00000000d4080000)
 Metaspace       used 69662K, committed 71104K, reserved 1114112K
  class space    used 8748K, committed 9408K, reserved 1048576K
}
Event: 28.715 GC heap before
{Heap before GC invocations=226 (full 3):
 PSYoungGen      total 4608K, used 4357K [0x00000000eab00000, 0x00000000eb200000, 0x0000000100000000)
  eden space 3072K, 100% used [0x00000000eab00000,0x00000000eae00000,0x00000000eae00000)
  from space 1536K, 83% used [0x00000000eaf80000,0x00000000eb0c15d0,0x00000000eb100000)
  to   space 1536K, 0% used [0x00000000eae00000,0x00000000eae00000,0x00000000eaf80000)
 ParOldGen       total 328192K, used 328006K [0x00000000c0000000, 0x00000000d4080000, 0x00000000eab00000)
  object space 328192K, 99% used [0x00000000c0000000,0x00000000d4051920,0x00000000d4080000)
 Metaspace       used 69662K, committed 71104K, reserved 1114112K
  class space    used 8748K, committed 9408K, reserved 1048576K
}
Event: 28.717 GC heap after
{Heap after GC invocations=226 (full 3):
 PSYoungGen      total 4608K, used 1403K [0x00000000eab00000, 0x00000000eb200000, 0x0000000100000000)
  eden space 3072K, 0% used [0x00000000eab00000,0x00000000eab00000,0x00000000eae00000)
  from space 1536K, 91% used [0x00000000eae00000,0x00000000eaf5efe8,0x00000000eaf80000)
  to   space 1536K, 0% used [0x00000000eb080000,0x00000000eb080000,0x00000000eb200000)
 ParOldGen       total 329216K, used 329150K [0x00000000c0000000, 0x00000000d4180000, 0x00000000eab00000)
  object space 329216K, 99% used [0x00000000c0000000,0x00000000d416f978,0x00000000d4180000)
 Metaspace       used 69662K, committed 71104K, reserved 1114112K
  class space    used 8748K, committed 9408K, reserved 1048576K
}
Event: 28.723 GC heap before
{Heap before GC invocations=227 (full 3):
 PSYoungGen      total 4608K, used 4475K [0x00000000eab00000, 0x00000000eb200000, 0x0000000100000000)
  eden space 3072K, 100% used [0x00000000eab00000,0x00000000eae00000,0x00000000eae00000)
  from space 1536K, 91% used [0x00000000eae00000,0x00000000eaf5efe8,0x00000000eaf80000)
  to   space 1536K, 0% used [0x00000000eb080000,0x00000000eb080000,0x00000000eb200000)
 ParOldGen       total 329216K, used 329150K [0x00000000c0000000, 0x00000000d4180000, 0x00000000eab00000)
  object space 329216K, 99% used [0x00000000c0000000,0x00000000d416f978,0x00000000d4180000)
 Metaspace       used 69662K, committed 71104K, reserved 1114112K
  class space    used 8748K, committed 9408K, reserved 1048576K
}
Event: 28.725 GC heap after
{Heap after GC invocations=227 (full 3):
 PSYoungGen      total 5632K, used 1234K [0x00000000eab00000, 0x00000000eb200000, 0x0000000100000000)
  eden space 4096K, 0% used [0x00000000eab00000,0x00000000eab00000,0x00000000eaf00000)
  from space 1536K, 80% used [0x00000000eb080000,0x00000000eb1b48f0,0x00000000eb200000)
  to   space 1536K, 0% used [0x00000000eaf00000,0x00000000eaf00000,0x00000000eb080000)
 ParOldGen       total 330752K, used 330379K [0x00000000c0000000, 0x00000000d4300000, 0x00000000eab00000)
  object space 330752K, 99% used [0x00000000c0000000,0x00000000d42a2cc8,0x00000000d4300000)
 Metaspace       used 69662K, committed 71104K, reserved 1114112K
  class space    used 8748K, committed 9408K, reserved 1048576K
}
Event: 28.735 GC heap before
{Heap before GC invocations=228 (full 3):
 PSYoungGen      total 5632K, used 5321K [0x00000000eab00000, 0x00000000eb200000, 0x0000000100000000)
  eden space 4096K, 99% used [0x00000000eab00000,0x00000000eaefdb58,0x00000000eaf00000)
  from space 1536K, 80% used [0x00000000eb080000,0x00000000eb1b48f0,0x00000000eb200000)
  to   space 1536K, 0% used [0x00000000eaf00000,0x00000000eaf00000,0x00000000eb080000)
 ParOldGen       total 330752K, used 330421K [0x00000000c0000000, 0x00000000d4300000, 0x00000000eab00000)
  object space 330752K, 99% used [0x00000000c0000000,0x00000000d42ad400,0x00000000d4300000)
 Metaspace       used 69662K, committed 71104K, reserved 1114112K
  class space    used 8748K, committed 9408K, reserved 1048576K
}
Event: 28.737 GC heap after
{Heap after GC invocations=228 (full 3):
 PSYoungGen      total 5632K, used 1531K [0x00000000eab00000, 0x00000000eb500000, 0x0000000100000000)
  eden space 4096K, 0% used [0x00000000eab00000,0x00000000eab00000,0x00000000eaf00000)
  from space 1536K, 99% used [0x00000000eaf00000,0x00000000eb07ede8,0x00000000eb080000)
  to   space 3072K, 0% used [0x00000000eb200000,0x00000000eb200000,0x00000000eb500000)
 ParOldGen       total 331776K, used 331617K [0x00000000c0000000, 0x00000000d4400000, 0x00000000eab00000)
  object space 331776K, 99% used [0x00000000c0000000,0x00000000d43d8408,0x00000000d4400000)
 Metaspace       used 69662K, committed 71104K, reserved 1114112K
  class space    used 8748K, committed 9408K, reserved 1048576K
}
Event: 28.744 GC heap before
{Heap before GC invocations=229 (full 3):
 PSYoungGen      total 5632K, used 5627K [0x00000000eab00000, 0x00000000eb500000, 0x0000000100000000)
  eden space 4096K, 100% used [0x00000000eab00000,0x00000000eaf00000,0x00000000eaf00000)
  from space 1536K, 99% used [0x00000000eaf00000,0x00000000eb07ede8,0x00000000eb080000)
  to   space 3072K, 0% used [0x00000000eb200000,0x00000000eb200000,0x00000000eb500000)
 ParOldGen       total 331776K, used 331703K [0x00000000c0000000, 0x00000000d4400000, 0x00000000eab00000)
  object space 331776K, 99% used [0x00000000c0000000,0x00000000d43edf98,0x00000000d4400000)
 Metaspace       used 69662K, committed 71104K, reserved 1114112K
  class space    used 8748K, committed 9408K, reserved 1048576K
}

