# JRE version: OpenJDK Runtime Environment Temurin-21.0.7+6 (21.0.7+6) (build 21.0.7+6-LTS)
# Java VM: OpenJDK 64-Bit Server VM Temurin-21.0.7+6 (21.0.7+6-LTS, mixed mode, sharing, tiered, compressed oops, compressed class ptrs, parallel gc, windows-amd64)
GC Precious Log:
 CardTable entry size: 512
 CPUs: 12 total, 12 available
 Memory: 7896M
 Large Page Support: Disabled
 NUMA Support: Disabled
 Compressed Oops: Enabled (32-bit)
 Alignments: Space 512K, Generation 512K, Heap 2M
 Heap Min Capacity: 100M
 Heap Initial Capacity: 100M
 Heap Max Capacity: 1G
 Pre-touch: Disabled
 Parallel Workers: 10
Heap:
 PSYoungGen      total 5632K, used 1024K [0x00000000eab00000, 0x00000000eb180000, 0x0000000100000000)
  eden space 4608K, 0% used [0x00000000eab00000,0x00000000eab00000,0x00000000eaf80000)
  from space 1024K, 100% used [0x00000000eaf80000,0x00000000eb080000,0x00000000eb080000)
  to   space 1024K, 0% used [0x00000000eb080000,0x00000000eb080000,0x00000000eb180000)
 ParOldGen       total 322048K, used 321556K [0x00000000c0000000, 0x00000000d3a80000, 0x00000000eab00000)
  object space 322048K, 99% used [0x00000000c0000000,0x00000000d3a05248,0x00000000d3a80000)
 Metaspace       used 69609K, committed 71040K, reserved 1114112K
  class space    used 8751K, committed 9344K, reserved 1048576K
GC Heap History (20 events):
Event: 24.136 GC heap before
{Heap before GC invocations=284 (full 3):
 PSYoungGen      total 3584K, used 3347K [0x00000000eab00000, 0x00000000eaf80000, 0x0000000100000000)
  eden space 2560K, 100% used [0x00000000eab00000,0x00000000ead80000,0x00000000ead80000)
  from space 1024K, 76% used [0x00000000eae80000,0x00000000eaf44fe8,0x00000000eaf80000)
  to   space 1024K, 0% used [0x00000000ead80000,0x00000000ead80000,0x00000000eae80000)
 ParOldGen       total 312832K, used 312485K [0x00000000c0000000, 0x00000000d3180000, 0x00000000eab00000)
  object space 312832K, 99% used [0x00000000c0000000,0x00000000d3129668,0x00000000d3180000)
 Metaspace       used 69609K, committed 71040K, reserved 1114112K
  class space    used 8751K, committed 9344K, reserved 1048576K
}
Event: 24.142 GC heap after
{Heap after GC invocations=284 (full 3):
 PSYoungGen      total 3584K, used 1018K [0x00000000eab00000, 0x00000000eb180000, 0x0000000100000000)
  eden space 2560K, 0% used [0x00000000eab00000,0x00000000eab00000,0x00000000ead80000)
  from space 1024K, 99% used [0x00000000ead80000,0x00000000eae7e938,0x00000000eae80000)
  to   space 2048K, 0% used [0x00000000eaf80000,0x00000000eaf80000,0x00000000eb180000)
 ParOldGen       total 313344K, used 313116K [0x00000000c0000000, 0x00000000d3200000, 0x00000000eab00000)
  object space 313344K, 99% used [0x00000000c0000000,0x00000000d31c7160,0x00000000d3200000)
 Metaspace       used 69609K, committed 71040K, reserved 1114112K
  class space    used 8751K, committed 9344K, reserved 1048576K
}
Event: 24.152 GC heap before
{Heap before GC invocations=285 (full 3):
 PSYoungGen      total 3584K, used 3572K [0x00000000eab00000, 0x00000000eb180000, 0x0000000100000000)
  eden space 2560K, 99% used [0x00000000eab00000,0x00000000ead7e9e8,0x00000000ead80000)
  from space 1024K, 99% used [0x00000000ead80000,0x00000000eae7e938,0x00000000eae80000)
  to   space 2048K, 0% used [0x00000000eaf80000,0x00000000eaf80000,0x00000000eb180000)
 ParOldGen       total 313344K, used 313116K [0x00000000c0000000, 0x00000000d3200000, 0x00000000eab00000)
  object space 313344K, 99% used [0x00000000c0000000,0x00000000d31c7160,0x00000000d3200000)
 Metaspace       used 69609K, committed 71040K, reserved 1114112K
  class space    used 8751K, committed 9344K, reserved 1048576K
}
Event: 24.157 GC heap after
{Heap after GC invocations=285 (full 3):
 PSYoungGen      total 4608K, used 848K [0x00000000eab00000, 0x00000000eb100000, 0x0000000100000000)
  eden space 3072K, 0% used [0x00000000eab00000,0x00000000eab00000,0x00000000eae00000)
  from space 1536K, 55% used [0x00000000eaf80000,0x00000000eb0543e0,0x00000000eb100000)
  to   space 1536K, 0% used [0x00000000eae00000,0x00000000eae00000,0x00000000eaf80000)
 ParOldGen       total 314368K, used 314264K [0x00000000c0000000, 0x00000000d3300000, 0x00000000eab00000)
  object space 314368K, 99% used [0x00000000c0000000,0x00000000d32e61c8,0x00000000d3300000)
 Metaspace       used 69609K, committed 71040K, reserved 1114112K
  class space    used 8751K, committed 9344K, reserved 1048576K
}
Event: 24.166 GC heap before
{Heap before GC invocations=286 (full 3):
 PSYoungGen      total 4608K, used 3918K [0x00000000eab00000, 0x00000000eb100000, 0x0000000100000000)
  eden space 3072K, 99% used [0x00000000eab00000,0x00000000eadff588,0x00000000eae00000)
  from space 1536K, 55% used [0x00000000eaf80000,0x00000000eb0543e0,0x00000000eb100000)
  to   space 1536K, 0% used [0x00000000eae00000,0x00000000eae00000,0x00000000eaf80000)
 ParOldGen       total 314368K, used 314264K [0x00000000c0000000, 0x00000000d3300000, 0x00000000eab00000)
  object space 314368K, 99% used [0x00000000c0000000,0x00000000d32e61c8,0x00000000d3300000)
 Metaspace       used 69609K, committed 71040K, reserved 1114112K
  class space    used 8751K, committed 9344K, reserved 1048576K
}
Event: 24.168 GC heap after
{Heap after GC invocations=286 (full 3):
 PSYoungGen      total 4608K, used 1063K [0x00000000eab00000, 0x00000000eb200000, 0x0000000100000000)
  eden space 3072K, 0% used [0x00000000eab00000,0x00000000eab00000,0x00000000eae00000)
  from space 1536K, 69% used [0x00000000eae00000,0x00000000eaf09c80,0x00000000eaf80000)
  to   space 1536K, 0% used [0x00000000eb080000,0x00000000eb080000,0x00000000eb200000)
 ParOldGen       total 315392K, used 314962K [0x00000000c0000000, 0x00000000d3400000, 0x00000000eab00000)
  object space 315392K, 99% used [0x00000000c0000000,0x00000000d3394bf0,0x00000000d3400000)
 Metaspace       used 69609K, committed 71040K, reserved 1114112K
  class space    used 8751K, committed 9344K, reserved 1048576K
}
Event: 24.177 GC heap before
{Heap before GC invocations=287 (full 3):
 PSYoungGen      total 4608K, used 4135K [0x00000000eab00000, 0x00000000eb200000, 0x0000000100000000)
  eden space 3072K, 100% used [0x00000000eab00000,0x00000000eae00000,0x00000000eae00000)
  from space 1536K, 69% used [0x00000000eae00000,0x00000000eaf09c80,0x00000000eaf80000)
  to   space 1536K, 0% used [0x00000000eb080000,0x00000000eb080000,0x00000000eb200000)
 ParOldGen       total 315392K, used 314962K [0x00000000c0000000, 0x00000000d3400000, 0x00000000eab00000)
  object space 315392K, 99% used [0x00000000c0000000,0x00000000d3394bf0,0x00000000d3400000)
 Metaspace       used 69609K, committed 71040K, reserved 1114112K
  class space    used 8751K, committed 9344K, reserved 1048576K
}
Event: 24.179 GC heap after
{Heap after GC invocations=287 (full 3):
 PSYoungGen      total 4608K, used 1032K [0x00000000eab00000, 0x00000000eb200000, 0x0000000100000000)
  eden space 3072K, 0% used [0x00000000eab00000,0x00000000eab00000,0x00000000eae00000)
  from space 1536K, 67% used [0x00000000eb080000,0x00000000eb182178,0x00000000eb200000)
  to   space 1536K, 0% used [0x00000000eae00000,0x00000000eae00000,0x00000000eaf80000)
 ParOldGen       total 316416K, used 315906K [0x00000000c0000000, 0x00000000d3500000, 0x00000000eab00000)
  object space 316416K, 99% used [0x00000000c0000000,0x00000000d3480990,0x00000000d3500000)
 Metaspace       used 69609K, committed 71040K, reserved 1114112K
  class space    used 8751K, committed 9344K, reserved 1048576K
}
Event: 24.193 GC heap before
{Heap before GC invocations=288 (full 3):
 PSYoungGen      total 4608K, used 4104K [0x00000000eab00000, 0x00000000eb200000, 0x0000000100000000)
  eden space 3072K, 100% used [0x00000000eab00000,0x00000000eae00000,0x00000000eae00000)
  from space 1536K, 67% used [0x00000000eb080000,0x00000000eb182178,0x00000000eb200000)
  to   space 1536K, 0% used [0x00000000eae00000,0x00000000eae00000,0x00000000eaf80000)
 ParOldGen       total 316416K, used 315906K [0x00000000c0000000, 0x00000000d3500000, 0x00000000eab00000)
  object space 316416K, 99% used [0x00000000c0000000,0x00000000d3480990,0x00000000d3500000)
 Metaspace       used 69609K, committed 71040K, reserved 1114112K
  class space    used 8751K, committed 9344K, reserved 1048576K
}
Event: 24.195 GC heap after
{Heap after GC invocations=288 (full 3):
 PSYoungGen      total 4608K, used 708K [0x00000000eab00000, 0x00000000eb100000, 0x0000000100000000)
  eden space 3072K, 0% used [0x00000000eab00000,0x00000000eab00000,0x00000000eae00000)
  from space 1536K, 46% used [0x00000000eae00000,0x00000000eaeb1158,0x00000000eaf80000)
  to   space 1024K, 0% used [0x00000000eb000000,0x00000000eb000000,0x00000000eb100000)
 ParOldGen       total 316928K, used 316746K [0x00000000c0000000, 0x00000000d3580000, 0x00000000eab00000)
  object space 316928K, 99% used [0x00000000c0000000,0x00000000d3552948,0x00000000d3580000)
 Metaspace       used 69609K, committed 71040K, reserved 1114112K
  class space    used 8751K, committed 9344K, reserved 1048576K
}
Event: 24.208 GC heap before
{Heap before GC invocations=289 (full 3):
 PSYoungGen      total 4608K, used 3777K [0x00000000eab00000, 0x00000000eb100000, 0x0000000100000000)
  eden space 3072K, 99% used [0x00000000eab00000,0x00000000eadff3d8,0x00000000eae00000)
  from space 1536K, 46% used [0x00000000eae00000,0x00000000eaeb1158,0x00000000eaf80000)
  to   space 1024K, 0% used [0x00000000eb000000,0x00000000eb000000,0x00000000eb100000)
 ParOldGen       total 316928K, used 316746K [0x00000000c0000000, 0x00000000d3580000, 0x00000000eab00000)
  object space 316928K, 99% used [0x00000000c0000000,0x00000000d3552948,0x00000000d3580000)
 Metaspace       used 69609K, committed 71040K, reserved 1114112K
  class space    used 8751K, committed 9344K, reserved 1048576K
}
Event: 24.210 GC heap after
{Heap after GC invocations=289 (full 3):
 PSYoungGen      total 4096K, used 704K [0x00000000eab00000, 0x00000000eb100000, 0x0000000100000000)
  eden space 3072K, 0% used [0x00000000eab00000,0x00000000eab00000,0x00000000eae00000)
  from space 1024K, 68% used [0x00000000eb000000,0x00000000eb0b0080,0x00000000eb100000)
  to   space 1024K, 0% used [0x00000000eaf00000,0x00000000eaf00000,0x00000000eb000000)
 ParOldGen       total 317440K, used 317295K [0x00000000c0000000, 0x00000000d3600000, 0x00000000eab00000)
  object space 317440K, 99% used [0x00000000c0000000,0x00000000d35dbfc8,0x00000000d3600000)
 Metaspace       used 69609K, committed 71040K, reserved 1114112K
  class space    used 8751K, committed 9344K, reserved 1048576K
}
Event: 24.221 GC heap before
{Heap before GC invocations=290 (full 3):
 PSYoungGen      total 4096K, used 3776K [0x00000000eab00000, 0x00000000eb100000, 0x0000000100000000)
  eden space 3072K, 100% used [0x00000000eab00000,0x00000000eae00000,0x00000000eae00000)
  from space 1024K, 68% used [0x00000000eb000000,0x00000000eb0b0080,0x00000000eb100000)
  to   space 1024K, 0% used [0x00000000eaf00000,0x00000000eaf00000,0x00000000eb000000)
 ParOldGen       total 317440K, used 317295K [0x00000000c0000000, 0x00000000d3600000, 0x00000000eab00000)
  object space 317440K, 99% used [0x00000000c0000000,0x00000000d35dbfc8,0x00000000d3600000)
 Metaspace       used 69609K, committed 71040K, reserved 1114112K
  class space    used 8751K, committed 9344K, reserved 1048576K
}
Event: 24.223 GC heap after
{Heap after GC invocations=290 (full 3):
 PSYoungGen      total 4096K, used 716K [0x00000000eab00000, 0x00000000eb080000, 0x0000000100000000)
  eden space 3072K, 0% used [0x00000000eab00000,0x00000000eab00000,0x00000000eae00000)
  from space 1024K, 69% used [0x00000000eaf00000,0x00000000eafb3030,0x00000000eb000000)
  to   space 512K, 0% used [0x00000000eb000000,0x00000000eb000000,0x00000000eb080000)
 ParOldGen       total 317952K, used 317852K [0x00000000c0000000, 0x00000000d3680000, 0x00000000eab00000)
  object space 317952K, 99% used [0x00000000c0000000,0x00000000d3667070,0x00000000d3680000)
 Metaspace       used 69609K, committed 71040K, reserved 1114112K
  class space    used 8751K, committed 9344K, reserved 1048576K
}
Event: 24.236 GC heap before
{Heap before GC invocations=291 (full 3):
 PSYoungGen      total 4096K, used 3788K [0x00000000eab00000, 0x00000000eb080000, 0x0000000100000000)
  eden space 3072K, 100% used [0x00000000eab00000,0x00000000eae00000,0x00000000eae00000)
  from space 1024K, 69% used [0x00000000eaf00000,0x00000000eafb3030,0x00000000eb000000)
  to   space 512K, 0% used [0x00000000eb000000,0x00000000eb000000,0x00000000eb080000)
 ParOldGen       total 317952K, used 317852K [0x00000000c0000000, 0x00000000d3680000, 0x00000000eab00000)
  object space 317952K, 99% used [0x00000000c0000000,0x00000000d3667070,0x00000000d3680000)
 Metaspace       used 69609K, committed 71040K, reserved 1114112K
  class space    used 8751K, committed 9344K, reserved 1048576K
}
Event: 24.237 GC heap after
{Heap after GC invocations=291 (full 3):
 PSYoungGen      total 3584K, used 512K [0x00000000eab00000, 0x00000000eb100000, 0x0000000100000000)
  eden space 3072K, 0% used [0x00000000eab00000,0x00000000eab00000,0x00000000eae00000)
  from space 512K, 100% used [0x00000000eb000000,0x00000000eb080000,0x00000000eb080000)
  to   space 1536K, 0% used [0x00000000eae00000,0x00000000eae00000,0x00000000eaf80000)
 ParOldGen       total 318976K, used 318569K [0x00000000c0000000, 0x00000000d3780000, 0x00000000eab00000)
  object space 318976K, 99% used [0x00000000c0000000,0x00000000d371a610,0x00000000d3780000)
 Metaspace       used 69609K, committed 71040K, reserved 1114112K
  class space    used 8751K, committed 9344K, reserved 1048576K
}
Event: 24.255 GC heap before
{Heap before GC invocations=292 (full 3):
 PSYoungGen      total 3584K, used 3584K [0x00000000eab00000, 0x00000000eb100000, 0x0000000100000000)
  eden space 3072K, 100% used [0x00000000eab00000,0x00000000eae00000,0x00000000eae00000)
  from space 512K, 100% used [0x00000000eb000000,0x00000000eb080000,0x00000000eb080000)
  to   space 1536K, 0% used [0x00000000eae00000,0x00000000eae00000,0x00000000eaf80000)
 ParOldGen       total 318976K, used 318582K [0x00000000c0000000, 0x00000000d3780000, 0x00000000eab00000)
  object space 318976K, 99% used [0x00000000c0000000,0x00000000d371dbd8,0x00000000d3780000)
 Metaspace       used 69609K, committed 71040K, reserved 1114112K
  class space    used 8751K, committed 9344K, reserved 1048576K
}
Event: 24.259 GC heap after
{Heap after GC invocations=292 (full 3):
 PSYoungGen      total 4608K, used 672K [0x00000000eab00000, 0x00000000eb080000, 0x0000000100000000)
  eden space 3072K, 0% used [0x00000000eab00000,0x00000000eab00000,0x00000000eae00000)
  from space 1536K, 43% used [0x00000000eae00000,0x00000000eaea8000,0x00000000eaf80000)
  to   space 1024K, 0% used [0x00000000eaf80000,0x00000000eaf80000,0x00000000eb080000)
 ParOldGen       total 319488K, used 319029K [0x00000000c0000000, 0x00000000d3800000, 0x00000000eab00000)
  object space 319488K, 99% used [0x00000000c0000000,0x00000000d378d4b0,0x00000000d3800000)
 Metaspace       used 69609K, committed 71040K, reserved 1114112K
  class space    used 8751K, committed 9344K, reserved 1048576K
}
Event: 24.274 GC heap before
{Heap before GC invocations=293 (full 3):
 PSYoungGen      total 4608K, used 3744K [0x00000000eab00000, 0x00000000eb080000, 0x0000000100000000)
  eden space 3072K, 100% used [0x00000000eab00000,0x00000000eae00000,0x00000000eae00000)
  from space 1536K, 43% used [0x00000000eae00000,0x00000000eaea8000,0x00000000eaf80000)
  to   space 1024K, 0% used [0x00000000eaf80000,0x00000000eaf80000,0x00000000eb080000)
 ParOldGen       total 319488K, used 319041K [0x00000000c0000000, 0x00000000d3800000, 0x00000000eab00000)
  object space 319488K, 99% used [0x00000000c0000000,0x00000000d3790798,0x00000000d3800000)
 Metaspace       used 69609K, committed 71040K, reserved 1114112K
  class space    used 8751K, committed 9344K, reserved 1048576K
}
Event: 25.271 GC heap after
{Heap after GC invocations=293 (full 3):
 PSYoungGen      total 4608K, used 723K [0x00000000eab00000, 0x00000000eb100000, 0x0000000100000000)
  eden space 3584K, 0% used [0x00000000eab00000,0x00000000eab00000,0x00000000eae80000)
  from space 1024K, 70% used [0x00000000eaf80000,0x00000000eb034e58,0x00000000eb080000)
  to   space 1024K, 0% used [0x00000000eae80000,0x00000000eae80000,0x00000000eaf80000)
 ParOldGen       total 320000K, used 319558K [0x00000000c0000000, 0x00000000d3880000, 0x00000000eab00000)
  object space 320000K, 99% used [0x00000000c0000000,0x00000000d3811948,0x00000000d3880000)
 Metaspace       used 69609K, committed 71040K, reserved 1114112K
  class space    used 8751K, committed 9344K, reserved 1048576K
}

