# JRE version: OpenJDK Runtime Environment Temurin-21.0.7+6 (21.0.7+6) (build 21.0.7+6-LTS)
# Java VM: OpenJDK 64-Bit Server VM Temurin-21.0.7+6 (21.0.7+6-LTS, mixed mode, sharing, tiered, compressed oops, compressed class ptrs, parallel gc, windows-amd64)
GC Precious Log:
 CardTable entry size: 512
 CPUs: 12 total, 12 available
 Memory: 7896M
 Large Page Support: Disabled
 NUMA Support: Disabled
 Compressed Oops: Enabled (32-bit)
 Alignments: Space 512K, Generation 512K, Heap 2M
 Heap Min Capacity: 100M
 Heap Initial Capacity: 100M
 Heap Max Capacity: 1G
 Pre-touch: Disabled
 Parallel Workers: 10
Heap:
 PSYoungGen      total 23040K, used 18053K [0x00000000eab00000, 0x00000000ec500000, 0x0000000100000000)
  eden space 22016K, 77% used [0x00000000eab00000,0x00000000ebba2f68,0x00000000ec080000)
  from space 1024K, 99% used [0x00000000ec300000,0x00000000ec3ff318,0x00000000ec400000)
  to   space 1024K, 0% used [0x00000000ec400000,0x00000000ec400000,0x00000000ec500000)
 ParOldGen       total 68608K, used 17915K [0x00000000c0000000, 0x00000000c4300000, 0x00000000eab00000)
  object space 68608K, 26% used [0x00000000c0000000,0x00000000c117ec28,0x00000000c4300000)
 Metaspace       used 39763K, committed 40896K, reserved 1114112K
  class space    used 4167K, committed 4672K, reserved 1048576K
GC Heap History (20 events):
Event: 29.275 GC heap before
{Heap before GC invocations=8 (full 1):
 PSYoungGen      total 29184K, used 4457K [0x00000000eab00000, 0x00000000ecd00000, 0x0000000100000000)
  eden space 24576K, 0% used [0x00000000eab00000,0x00000000eab00000,0x00000000ec300000)
  from space 4608K, 96% used [0x00000000ec380000,0x00000000ec7da7e8,0x00000000ec800000)
  to   space 5120K, 0% used [0x00000000ec800000,0x00000000ec800000,0x00000000ecd00000)
 ParOldGen       total 68608K, used 10135K [0x00000000c0000000, 0x00000000c4300000, 0x00000000eab00000)
  object space 68608K, 14% used [0x00000000c0000000,0x00000000c09e5e40,0x00000000c4300000)
 Metaspace       used 20726K, committed 21504K, reserved 1114112K
  class space    used 2114K, committed 2496K, reserved 1048576K
}
Event: 29.334 GC heap after
{Heap after GC invocations=8 (full 1):
 PSYoungGen      total 29184K, used 0K [0x00000000eab00000, 0x00000000ecd00000, 0x0000000100000000)
  eden space 24576K, 0% used [0x00000000eab00000,0x00000000eab00000,0x00000000ec300000)
  from space 4608K, 0% used [0x00000000ec380000,0x00000000ec380000,0x00000000ec800000)
  to   space 5120K, 0% used [0x00000000ec800000,0x00000000ec800000,0x00000000ecd00000)
 ParOldGen       total 68608K, used 12862K [0x00000000c0000000, 0x00000000c4300000, 0x00000000eab00000)
  object space 68608K, 18% used [0x00000000c0000000,0x00000000c0c8f8e0,0x00000000c4300000)
 Metaspace       used 20713K, committed 21504K, reserved 1114112K
  class space    used 2110K, committed 2496K, reserved 1048576K
}
Event: 30.153 GC heap before
{Heap before GC invocations=9 (full 1):
 PSYoungGen      total 29184K, used 24576K [0x00000000eab00000, 0x00000000ecd00000, 0x0000000100000000)
  eden space 24576K, 100% used [0x00000000eab00000,0x00000000ec300000,0x00000000ec300000)
  from space 4608K, 0% used [0x00000000ec380000,0x00000000ec380000,0x00000000ec800000)
  to   space 5120K, 0% used [0x00000000ec800000,0x00000000ec800000,0x00000000ecd00000)
 ParOldGen       total 68608K, used 12862K [0x00000000c0000000, 0x00000000c4300000, 0x00000000eab00000)
  object space 68608K, 18% used [0x00000000c0000000,0x00000000c0c8f8e0,0x00000000c4300000)
 Metaspace       used 23336K, committed 24256K, reserved 1114112K
  class space    used 2278K, committed 2688K, reserved 1048576K
}
Event: 30.154 GC heap after
{Heap after GC invocations=9 (full 1):
 PSYoungGen      total 25088K, used 697K [0x00000000eab00000, 0x00000000ec900000, 0x0000000100000000)
  eden space 24064K, 0% used [0x00000000eab00000,0x00000000eab00000,0x00000000ec280000)
  from space 1024K, 68% used [0x00000000ec800000,0x00000000ec8ae5f8,0x00000000ec900000)
  to   space 2560K, 0% used [0x00000000ec400000,0x00000000ec400000,0x00000000ec680000)
 ParOldGen       total 68608K, used 12862K [0x00000000c0000000, 0x00000000c4300000, 0x00000000eab00000)
  object space 68608K, 18% used [0x00000000c0000000,0x00000000c0c8f8e0,0x00000000c4300000)
 Metaspace       used 23336K, committed 24256K, reserved 1114112K
  class space    used 2278K, committed 2688K, reserved 1048576K
}
Event: 30.693 GC heap before
{Heap before GC invocations=10 (full 1):
 PSYoungGen      total 25088K, used 24761K [0x00000000eab00000, 0x00000000ec900000, 0x0000000100000000)
  eden space 24064K, 100% used [0x00000000eab00000,0x00000000ec280000,0x00000000ec280000)
  from space 1024K, 68% used [0x00000000ec800000,0x00000000ec8ae5f8,0x00000000ec900000)
  to   space 2560K, 0% used [0x00000000ec400000,0x00000000ec400000,0x00000000ec680000)
 ParOldGen       total 68608K, used 12862K [0x00000000c0000000, 0x00000000c4300000, 0x00000000eab00000)
  object space 68608K, 18% used [0x00000000c0000000,0x00000000c0c8f8e0,0x00000000c4300000)
 Metaspace       used 26359K, committed 27264K, reserved 1114112K
  class space    used 2598K, committed 3008K, reserved 1048576K
}
Event: 30.697 GC heap after
{Heap after GC invocations=10 (full 1):
 PSYoungGen      total 26112K, used 2529K [0x00000000eab00000, 0x00000000ec900000, 0x0000000100000000)
  eden space 23552K, 0% used [0x00000000eab00000,0x00000000eab00000,0x00000000ec200000)
  from space 2560K, 98% used [0x00000000ec400000,0x00000000ec6784d0,0x00000000ec680000)
  to   space 2560K, 0% used [0x00000000ec680000,0x00000000ec680000,0x00000000ec900000)
 ParOldGen       total 68608K, used 13134K [0x00000000c0000000, 0x00000000c4300000, 0x00000000eab00000)
  object space 68608K, 19% used [0x00000000c0000000,0x00000000c0cd38e0,0x00000000c4300000)
 Metaspace       used 26359K, committed 27264K, reserved 1114112K
  class space    used 2598K, committed 3008K, reserved 1048576K
}
Event: 31.184 GC heap before
{Heap before GC invocations=11 (full 1):
 PSYoungGen      total 26112K, used 26081K [0x00000000eab00000, 0x00000000ec900000, 0x0000000100000000)
  eden space 23552K, 99% used [0x00000000eab00000,0x00000000ec1fffb8,0x00000000ec200000)
  from space 2560K, 98% used [0x00000000ec400000,0x00000000ec6784d0,0x00000000ec680000)
  to   space 2560K, 0% used [0x00000000ec680000,0x00000000ec680000,0x00000000ec900000)
 ParOldGen       total 68608K, used 13134K [0x00000000c0000000, 0x00000000c4300000, 0x00000000eab00000)
  object space 68608K, 19% used [0x00000000c0000000,0x00000000c0cd38e0,0x00000000c4300000)
 Metaspace       used 28565K, committed 29440K, reserved 1114112K
  class space    used 2816K, committed 3200K, reserved 1048576K
}
Event: 31.187 GC heap after
{Heap after GC invocations=11 (full 1):
 PSYoungGen      total 25600K, used 2536K [0x00000000eab00000, 0x00000000ec900000, 0x0000000100000000)
  eden space 23040K, 0% used [0x00000000eab00000,0x00000000eab00000,0x00000000ec180000)
  from space 2560K, 99% used [0x00000000ec680000,0x00000000ec8fa2b0,0x00000000ec900000)
  to   space 3584K, 0% used [0x00000000ec200000,0x00000000ec200000,0x00000000ec580000)
 ParOldGen       total 68608K, used 13619K [0x00000000c0000000, 0x00000000c4300000, 0x00000000eab00000)
  object space 68608K, 19% used [0x00000000c0000000,0x00000000c0d4cde8,0x00000000c4300000)
 Metaspace       used 28565K, committed 29440K, reserved 1114112K
  class space    used 2816K, committed 3200K, reserved 1048576K
}
Event: 31.983 GC heap before
{Heap before GC invocations=12 (full 1):
 PSYoungGen      total 25600K, used 25576K [0x00000000eab00000, 0x00000000ec900000, 0x0000000100000000)
  eden space 23040K, 100% used [0x00000000eab00000,0x00000000ec180000,0x00000000ec180000)
  from space 2560K, 99% used [0x00000000ec680000,0x00000000ec8fa2b0,0x00000000ec900000)
  to   space 3584K, 0% used [0x00000000ec200000,0x00000000ec200000,0x00000000ec580000)
 ParOldGen       total 68608K, used 13619K [0x00000000c0000000, 0x00000000c4300000, 0x00000000eab00000)
  object space 68608K, 19% used [0x00000000c0000000,0x00000000c0d4cde8,0x00000000c4300000)
 Metaspace       used 30489K, committed 31360K, reserved 1114112K
  class space    used 3028K, committed 3392K, reserved 1048576K
}
Event: 31.989 GC heap after
{Heap after GC invocations=12 (full 1):
 PSYoungGen      total 23552K, used 864K [0x00000000eab00000, 0x00000000ec700000, 0x0000000100000000)
  eden space 22528K, 0% used [0x00000000eab00000,0x00000000eab00000,0x00000000ec100000)
  from space 1024K, 84% used [0x00000000ec200000,0x00000000ec2d8000,0x00000000ec300000)
  to   space 2048K, 0% used [0x00000000ec500000,0x00000000ec500000,0x00000000ec700000)
 ParOldGen       total 68608K, used 15994K [0x00000000c0000000, 0x00000000c4300000, 0x00000000eab00000)
  object space 68608K, 23% used [0x00000000c0000000,0x00000000c0f9e8e0,0x00000000c4300000)
 Metaspace       used 30489K, committed 31360K, reserved 1114112K
  class space    used 3028K, committed 3392K, reserved 1048576K
}
Event: 32.858 GC heap before
{Heap before GC invocations=13 (full 1):
 PSYoungGen      total 23552K, used 23392K [0x00000000eab00000, 0x00000000ec700000, 0x0000000100000000)
  eden space 22528K, 100% used [0x00000000eab00000,0x00000000ec100000,0x00000000ec100000)
  from space 1024K, 84% used [0x00000000ec200000,0x00000000ec2d8000,0x00000000ec300000)
  to   space 2048K, 0% used [0x00000000ec500000,0x00000000ec500000,0x00000000ec700000)
 ParOldGen       total 68608K, used 15994K [0x00000000c0000000, 0x00000000c4300000, 0x00000000eab00000)
  object space 68608K, 23% used [0x00000000c0000000,0x00000000c0f9e8e0,0x00000000c4300000)
 Metaspace       used 33095K, committed 34112K, reserved 1114112K
  class space    used 3305K, committed 3712K, reserved 1048576K
}
Event: 32.862 GC heap after
{Heap after GC invocations=13 (full 1):
 PSYoungGen      total 23552K, used 1433K [0x00000000eab00000, 0x00000000ec680000, 0x0000000100000000)
  eden space 22016K, 0% used [0x00000000eab00000,0x00000000eab00000,0x00000000ec080000)
  from space 1536K, 93% used [0x00000000ec500000,0x00000000ec6665b0,0x00000000ec680000)
  to   space 2048K, 0% used [0x00000000ec280000,0x00000000ec280000,0x00000000ec480000)
 ParOldGen       total 68608K, used 16634K [0x00000000c0000000, 0x00000000c4300000, 0x00000000eab00000)
  object space 68608K, 24% used [0x00000000c0000000,0x00000000c103e8e0,0x00000000c4300000)
 Metaspace       used 33095K, committed 34112K, reserved 1114112K
  class space    used 3305K, committed 3712K, reserved 1048576K
}
Event: 33.449 GC heap before
{Heap before GC invocations=14 (full 1):
 PSYoungGen      total 23552K, used 17463K [0x00000000eab00000, 0x00000000ec680000, 0x0000000100000000)
  eden space 22016K, 72% used [0x00000000eab00000,0x00000000ebaa7748,0x00000000ec080000)
  from space 1536K, 93% used [0x00000000ec500000,0x00000000ec6665b0,0x00000000ec680000)
  to   space 2048K, 0% used [0x00000000ec280000,0x00000000ec280000,0x00000000ec480000)
 ParOldGen       total 68608K, used 16634K [0x00000000c0000000, 0x00000000c4300000, 0x00000000eab00000)
  object space 68608K, 24% used [0x00000000c0000000,0x00000000c103e8e0,0x00000000c4300000)
 Metaspace       used 34891K, committed 35904K, reserved 1114112K
  class space    used 3529K, committed 3968K, reserved 1048576K
}
Event: 33.452 GC heap after
{Heap after GC invocations=14 (full 1):
 PSYoungGen      total 24064K, used 736K [0x00000000eab00000, 0x00000000ec580000, 0x0000000100000000)
  eden space 22016K, 0% used [0x00000000eab00000,0x00000000eab00000,0x00000000ec080000)
  from space 2048K, 35% used [0x00000000ec280000,0x00000000ec338000,0x00000000ec480000)
  to   space 1024K, 0% used [0x00000000ec480000,0x00000000ec480000,0x00000000ec580000)
 ParOldGen       total 68608K, used 17757K [0x00000000c0000000, 0x00000000c4300000, 0x00000000eab00000)
  object space 68608K, 25% used [0x00000000c0000000,0x00000000c1157528,0x00000000c4300000)
 Metaspace       used 34891K, committed 35904K, reserved 1114112K
  class space    used 3529K, committed 3968K, reserved 1048576K
}
Event: 33.518 GC heap before
{Heap before GC invocations=15 (full 1):
 PSYoungGen      total 24064K, used 4011K [0x00000000eab00000, 0x00000000ec580000, 0x0000000100000000)
  eden space 22016K, 14% used [0x00000000eab00000,0x00000000eae32f90,0x00000000ec080000)
  from space 2048K, 35% used [0x00000000ec280000,0x00000000ec338000,0x00000000ec480000)
  to   space 1024K, 0% used [0x00000000ec480000,0x00000000ec480000,0x00000000ec580000)
 ParOldGen       total 68608K, used 17757K [0x00000000c0000000, 0x00000000c4300000, 0x00000000eab00000)
  object space 68608K, 25% used [0x00000000c0000000,0x00000000c1157528,0x00000000c4300000)
 Metaspace       used 35255K, committed 36160K, reserved 1114112K
  class space    used 3582K, committed 3968K, reserved 1048576K
}
Event: 33.520 GC heap after
{Heap after GC invocations=15 (full 1):
 PSYoungGen      total 22528K, used 352K [0x00000000eab00000, 0x00000000ec500000, 0x0000000100000000)
  eden space 22016K, 0% used [0x00000000eab00000,0x00000000eab00000,0x00000000ec080000)
  from space 512K, 68% used [0x00000000ec480000,0x00000000ec4d8000,0x00000000ec500000)
  to   space 1024K, 0% used [0x00000000ec300000,0x00000000ec300000,0x00000000ec400000)
 ParOldGen       total 68608K, used 18329K [0x00000000c0000000, 0x00000000c4300000, 0x00000000eab00000)
  object space 68608K, 26% used [0x00000000c0000000,0x00000000c11e64f8,0x00000000c4300000)
 Metaspace       used 35255K, committed 36160K, reserved 1114112K
  class space    used 3582K, committed 3968K, reserved 1048576K
}
Event: 33.520 GC heap before
{Heap before GC invocations=16 (full 2):
 PSYoungGen      total 22528K, used 352K [0x00000000eab00000, 0x00000000ec500000, 0x0000000100000000)
  eden space 22016K, 0% used [0x00000000eab00000,0x00000000eab00000,0x00000000ec080000)
  from space 512K, 68% used [0x00000000ec480000,0x00000000ec4d8000,0x00000000ec500000)
  to   space 1024K, 0% used [0x00000000ec300000,0x00000000ec300000,0x00000000ec400000)
 ParOldGen       total 68608K, used 18329K [0x00000000c0000000, 0x00000000c4300000, 0x00000000eab00000)
  object space 68608K, 26% used [0x00000000c0000000,0x00000000c11e64f8,0x00000000c4300000)
 Metaspace       used 35255K, committed 36160K, reserved 1114112K
  class space    used 3582K, committed 3968K, reserved 1048576K
}
Event: 33.578 GC heap after
{Heap after GC invocations=16 (full 2):
 PSYoungGen      total 22528K, used 0K [0x00000000eab00000, 0x00000000ec500000, 0x0000000100000000)
  eden space 22016K, 0% used [0x00000000eab00000,0x00000000eab00000,0x00000000ec080000)
  from space 512K, 0% used [0x00000000ec480000,0x00000000ec480000,0x00000000ec500000)
  to   space 1024K, 0% used [0x00000000ec300000,0x00000000ec300000,0x00000000ec400000)
 ParOldGen       total 68608K, used 17464K [0x00000000c0000000, 0x00000000c4300000, 0x00000000eab00000)
  object space 68608K, 25% used [0x00000000c0000000,0x00000000c110e2a0,0x00000000c4300000)
 Metaspace       used 35245K, committed 36160K, reserved 1114112K
  class space    used 3579K, committed 3968K, reserved 1048576K
}
Event: 34.250 GC heap before
{Heap before GC invocations=17 (full 2):
 PSYoungGen      total 22528K, used 22016K [0x00000000eab00000, 0x00000000ec500000, 0x0000000100000000)
  eden space 22016K, 100% used [0x00000000eab00000,0x00000000ec080000,0x00000000ec080000)
  from space 512K, 0% used [0x00000000ec480000,0x00000000ec480000,0x00000000ec500000)
  to   space 1024K, 0% used [0x00000000ec300000,0x00000000ec300000,0x00000000ec400000)
 ParOldGen       total 68608K, used 17464K [0x00000000c0000000, 0x00000000c4300000, 0x00000000eab00000)
  object space 68608K, 25% used [0x00000000c0000000,0x00000000c110e2a0,0x00000000c4300000)
 Metaspace       used 37901K, committed 39040K, reserved 1114112K
  class space    used 3895K, committed 4416K, reserved 1048576K
}
Event: 34.252 GC heap after
{Heap after GC invocations=17 (full 2):
 PSYoungGen      total 23040K, used 1020K [0x00000000eab00000, 0x00000000ec500000, 0x0000000100000000)
  eden space 22016K, 0% used [0x00000000eab00000,0x00000000eab00000,0x00000000ec080000)
  from space 1024K, 99% used [0x00000000ec300000,0x00000000ec3ff318,0x00000000ec400000)
  to   space 1024K, 0% used [0x00000000ec400000,0x00000000ec400000,0x00000000ec500000)
 ParOldGen       total 68608K, used 17915K [0x00000000c0000000, 0x00000000c4300000, 0x00000000eab00000)
  object space 68608K, 26% used [0x00000000c0000000,0x00000000c117ec28,0x00000000c4300000)
 Metaspace       used 37901K, committed 39040K, reserved 1114112K
  class space    used 3895K, committed 4416K, reserved 1048576K
}

